setting 'ivy.default.settings.dir' to 'jar:file:/C:/Programme/sbt/sbt-launch-0.7.4.jar!/org/apache/ivy/core/settings'
setting 'ivy.basedir' to 'C:\workspaces\GAE\oScalatorNew\.'
setting 'ivy.default.conf.dir' to 'jar:file:/C:/Programme/sbt/sbt-launch-0.7.4.jar!/org/apache/ivy/core/settings'
impossible to define new type: class not found: org.apache.ivy.plugins.version.PatternVersionMatcher in [] nor Ivy classloader
impossible to define new type: class not found: org.apache.ivy.plugins.trigger.LogTrigger in [] nor Ivy classloader
impossible to define new type: class not found: org.apache.ivy.plugins.resolver.VsftpResolver in [] nor Ivy classloader
impossible to define new type: class not found: org.apache.ivy.plugins.conflict.RegexpConflictManager in [] nor Ivy classloader
impossible to define new type: class not found: org.apache.ivy.plugins.resolver.SshResolver in [] nor Ivy classloader
impossible to define new type: class not found: org.apache.ivy.plugins.resolver.VfsResolver in [] nor Ivy classloader
impossible to define new type: class not found: org.apache.ivy.plugins.resolver.SFTPResolver in [] nor Ivy classloader
impossible to define new type: class not found: org.apache.ivy.plugins.resolver.packager.PackagerResolver in [] nor Ivy classloader
impossible to define new type: class not found: org.apache.ivy.ant.AntCallTrigger in [] nor Ivy classloader
impossible to define new type: class not found: org.apache.ivy.plugins.resolver.IvyRepResolver in [] nor Ivy classloader
impossible to define new type: class not found: org.apache.ivy.ant.AntBuildTrigger in [] nor Ivy classloader
impossible to define glob matcher: org.apache.ivy.plugins.matcher.GlobPatternMatcher was not found.
setting 'java.runtime.name' to 'Java(TM) SE Runtime Environment'
setting 'sun.boot.library.path' to 'C:\Programme\Java\jre6\bin'
setting 'java.vm.version' to '16.3-b01'
setting 'java.vm.vendor' to 'Sun Microsystems Inc.'
setting 'java.vendor.url' to 'http://java.sun.com/'
setting 'path.separator' to ';'
setting 'java.vm.name' to 'Java HotSpot(TM) Client VM'
setting 'file.encoding.pkg' to 'sun.io'
setting 'sun.java.launcher' to 'SUN_STANDARD'
setting 'user.country' to 'DE'
setting 'sun.os.patch.level' to 'Service Pack 3'
setting 'java.vm.specification.name' to 'Java Virtual Machine Specification'
setting 'user.dir' to 'C:\workspaces\GAE\oScalatorNew'
setting 'java.runtime.version' to '1.6.0_20-b02'
setting 'java.awt.graphicsenv' to 'sun.awt.Win32GraphicsEnvironment'
setting 'java.endorsed.dirs' to 'C:\Programme\Java\jre6\lib\endorsed'
setting 'os.arch' to 'x86'
setting 'java.io.tmpdir' to 'C:\DOKUME~1\Det\LOKALE~1\Temp\'
setting 'line.separator' to '
'
setting 'java.vm.specification.vendor' to 'Sun Microsystems Inc.'
setting 'user.variant' to ''
setting 'os.name' to 'Windows XP'
setting 'sun.jnu.encoding' to 'Cp1252'
setting 'java.library.path' to 'C:\WINDOWS\system32;.;C:\WINDOWS\Sun\Java\bin;C:\WINDOWS\system32;C:\WINDOWS;C:\WINDOWS\system32;C:\WINDOWS;C:\WINDOWS\System32\Wbem;C:\Programme\subversion\svn1.5.4\bin;C:\Programme\Java\jdk1.6.0_20\bin;C:\Programme\Scala\scala-2.8\bin;C:\Programme\groovy-1.7.2\bin;C:\Programme\sbt'
setting 'java.specification.name' to 'Java Platform API Specification'
setting 'java.class.version' to '50.0'
setting 'sun.management.compiler' to 'HotSpot Client Compiler'
setting 'os.version' to '5.1'
setting 'user.home' to 'C:\Dokumente und Einstellungen\Det'
setting 'user.timezone' to 'Europe/Berlin'
setting 'java.awt.printerjob' to 'sun.awt.windows.WPrinterJob'
setting 'file.encoding' to 'Cp1252'
setting 'java.specification.version' to '1.6'
setting 'java.class.path' to 'C:\Programme\sbt\sbt-launch-0.7.4.jar'
setting 'user.name' to 'Det'
setting 'java.vm.specification.version' to '1.0'
setting 'java.home' to 'C:\Programme\Java\jre6'
setting 'sun.arch.data.model' to '32'
setting 'user.language' to 'de'
setting 'java.specification.vendor' to 'Sun Microsystems Inc.'
setting 'awt.toolkit' to 'sun.awt.windows.WToolkit'
setting 'java.vm.info' to 'mixed mode, sharing'
setting 'java.version' to '1.6.0_20'
setting 'java.ext.dirs' to 'C:\Programme\Java\jre6\lib\ext;C:\WINDOWS\Sun\Java\lib\ext'
setting 'sun.boot.class.path' to 'C:\Programme\Java\jre6\lib\resources.jar;C:\Programme\Java\jre6\lib\rt.jar;C:\Programme\Java\jre6\lib\sunrsasign.jar;C:\Programme\Java\jre6\lib\jsse.jar;C:\Programme\Java\jre6\lib\jce.jar;C:\Programme\Java\jre6\lib\charsets.jar;C:\Programme\Java\jre6\classes'
setting 'java.vendor' to 'Sun Microsystems Inc.'
setting 'file.separator' to '\'
setting 'java.vendor.url.bug' to 'http://java.sun.com/cgi-bin/bugreport.cgi'
setting 'sun.io.unicode.encoding' to 'UnicodeLittle'
setting 'sun.cpu.endian' to 'little'
setting 'sun.desktop' to 'windows'
setting 'sun.cpu.isalist' to 'pentium_pro+mmx pentium_pro pentium+mmx pentium i486 i386 i86'
setting 'ivy.default.ivy.user.dir' to 'C:\Dokumente und Einstellungen\Det\.ivy2'
setting 'ivy.home' to 'C:\Dokumente und Einstellungen\Det\.ivy2'
no default ivy user dir defined: set to C:\Dokumente und Einstellungen\Det\.ivy2
setting 'ivy.cache.dir' to 'C:\Dokumente und Einstellungen\Det\.ivy2\cache'
no default cache defined: set to C:\Dokumente und Einstellungen\Det\.ivy2\cache
setting 'ivy.basedir' to 'C:\workspaces\GAE\oScalatorNew\project\boot'
setting 'basedir' to 'C:\workspaces\GAE\oScalatorNew\project\boot'
setting 'scala' to '2.7.7'
:: resolving dependencies :: org.scala-tools.sbt#boot-app;1.0
	confs: [default]
	validate = true
	refresh = false
resolving dependencies for configuration 'default'
== resolving dependencies for org.scala-tools.sbt#boot-app;1.0 [default]
loadData of org.scala-tools.sbt#boot-app;1.0 of rootConf=default
== resolving dependencies org.scala-tools.sbt#boot-app;1.0->org.scala-tools.sbt#sbt_2.7.7;0.7.4 [default->default(compile)]
loadData of org.scala-tools.sbt#sbt_2.7.7;0.7.4 of rootConf=default
	using redefined-public to resolve org.scala-tools.sbt#sbt_2.7.7;0.7.4
redefined-public: Checking cache for: dependency: org.scala-tools.sbt#sbt_2.7.7;0.7.4 {default=[default(compile)]}
redefined-public: no namespace defined: using system
	no ivy file in cache for org.scala-tools.sbt#sbt_2.7.7;0.7.4: tried C:\Dokumente und Einstellungen\Det\.ivy2\cache\org.scala-tools.sbt\sbt_2.7.7\ivy-0.7.4.xml
redefined-public: no latest strategy defined: using default
local: no namespace defined: using system
	no ivy file in cache for org.scala-tools.sbt#sbt_2.7.7;0.7.4: tried C:\Dokumente und Einstellungen\Det\.ivy2\cache\org.scala-tools.sbt\sbt_2.7.7\ivy-0.7.4.xml
	 trying C:\Dokumente und Einstellungen\Det\.ivy2/local/org.scala-tools.sbt/sbt_2.7.7/0.7.4/ivys/ivy.xml
		tried C:\Dokumente und Einstellungen\Det\.ivy2/local/org.scala-tools.sbt/sbt_2.7.7/0.7.4/ivys/ivy.xml
	local: resource not reachable for org.scala-tools.sbt#sbt_2.7.7;0.7.4: res=C:\Dokumente und Einstellungen\Det\.ivy2\local\org.scala-tools.sbt\sbt_2.7.7\0.7.4\ivys\ivy.xml
	 trying C:\Dokumente und Einstellungen\Det\.ivy2/local/org.scala-tools.sbt/sbt_2.7.7/0.7.4/jars/sbt_2.7.7.jar
		tried C:\Dokumente und Einstellungen\Det\.ivy2/local/org.scala-tools.sbt/sbt_2.7.7/0.7.4/jars/sbt_2.7.7.jar
	local: resource not reachable for org.scala-tools.sbt#sbt_2.7.7;0.7.4: res=C:\Dokumente und Einstellungen\Det\.ivy2\local\org.scala-tools.sbt\sbt_2.7.7\0.7.4\jars\sbt_2.7.7.jar
	local: no ivy file nor artifact found for org.scala-tools.sbt#sbt_2.7.7;0.7.4
Maven2 Local: no namespace defined: using system
	no ivy file in cache for org.scala-tools.sbt#sbt_2.7.7;0.7.4: tried C:\Dokumente und Einstellungen\Det\.ivy2\cache\org.scala-tools.sbt\sbt_2.7.7\ivy-0.7.4.xml
	 trying file://C:\Dokumente und Einstellungen\Det/.m2/repository/org/scala-tools/sbt/sbt_2.7.7/0.7.4/sbt_2.7.7-0.7.4.pom
		tried file://C:\Dokumente und Einstellungen\Det/.m2/repository/org/scala-tools/sbt/sbt_2.7.7/0.7.4/sbt_2.7.7-0.7.4.pom
installing class org.apache.ivy.util.url.IvyAuthenticator
	Maven2 Local: resource not reachable for org/scala-tools/sbt#sbt_2.7.7;0.7.4: res=file://C:/Dokumente und Einstellungen/Det/.m2/repository/org/scala-tools/sbt/sbt_2.7.7/0.7.4/sbt_2.7.7-0.7.4.pom
	 trying file://C:\Dokumente und Einstellungen\Det/.m2/repository/org/scala-tools/sbt/sbt_2.7.7/0.7.4/sbt_2.7.7-0.7.4.jar
		tried file://C:\Dokumente und Einstellungen\Det/.m2/repository/org/scala-tools/sbt/sbt_2.7.7/0.7.4/sbt_2.7.7-0.7.4.jar
	Maven2 Local: resource not reachable for org/scala-tools/sbt#sbt_2.7.7;0.7.4: res=file://C:/Dokumente und Einstellungen/Det/.m2/repository/org/scala-tools/sbt/sbt_2.7.7/0.7.4/sbt_2.7.7-0.7.4.jar
	Maven2 Local: no ivy file nor artifact found for org.scala-tools.sbt#sbt_2.7.7;0.7.4
sbt-db: no namespace defined: using system
	no ivy file in cache for org.scala-tools.sbt#sbt_2.7.7;0.7.4: tried C:\Dokumente und Einstellungen\Det\.ivy2\cache\org.scala-tools.sbt\sbt_2.7.7\ivy-0.7.4.xml
	 trying http://databinder.net/repo/org.scala-tools.sbt/sbt_2.7.7/0.7.4/ivys/ivy.xml
		tried http://databinder.net/repo/org.scala-tools.sbt/sbt_2.7.7/0.7.4/ivys/ivy.xml
	sbt-db: found md file for org.scala-tools.sbt#sbt_2.7.7;0.7.4
		=> http://databinder.net/repo/org.scala-tools.sbt/sbt_2.7.7/0.7.4/ivys/ivy.xml (0.7.4)
	parser = ivy parser
	no ivy file in cache for org.scala-tools.sbt#sbt_2.7.7;0.7.4: tried C:\Dokumente und Einstellungen\Det\.ivy2\cache\org.scala-tools.sbt\sbt_2.7.7\ivy-0.7.4.xml
downloading http://databinder.net/repo/org.scala-tools.sbt/sbt_2.7.7/0.7.4/ivys/ivy.xml ...
	sbt-db: downloading http://databinder.net/repo/org.scala-tools.sbt/sbt_2.7.7/0.7.4/ivys/ivy.xml
		to C:\Dokumente und Einstellungen\Det\.ivy2\cache\org.scala-tools.sbt\sbt_2.7.7\ivy-0.7.4.xml.original.part
	[SUCCESSFUL ] org.scala-tools.sbt#sbt_2.7.7;0.7.4!ivy.xml(ivy.original) (375ms)
pre 1.3 ivy file: using exactOrRegexp as default matcher
	default-cache: parsed downloaded md file for org.scala-tools.sbt#sbt_2.7.7;0.7.4; parsed=org.scala-tools.sbt#sbt_2.7.7;0.7.4
	checking org.scala-tools.sbt#sbt_2.7.7;0.7.4 from sbt-db against [none]
	module revision kept as first found: org.scala-tools.sbt#sbt_2.7.7;0.7.4 from sbt-db
	found org.scala-tools.sbt#sbt_2.7.7;0.7.4 in sbt-db
excluding dependency: org.scala-lang#scala-library;2.7.7 {default=[default(compile)]} in default
excluding dependency: org.scala-lang#scala-compiler;2.7.7 {default=[default(compile)]} in default
== resolving dependencies org.scala-tools.sbt#sbt_2.7.7;0.7.4->com.jcraft#jsch;0.1.31 [default->default(compile)]
excluding dependency: org.scala-lang#scala-library;2.7.7 {default=[default(compile)]} in default
excluding dependency: org.scala-lang#scala-compiler;2.7.7 {default=[default(compile)]} in default
loadData of com.jcraft#jsch;0.1.31 of rootConf=default
	using redefined-public to resolve com.jcraft#jsch;0.1.31
redefined-public: Checking cache for: dependency: com.jcraft#jsch;0.1.31 {default=[default(compile)]}
No entry is found in the ModuleDescriptorCache : C:\Dokumente und Einstellungen\Det\.ivy2\cache\com.jcraft\jsch\ivy-0.1.31.xml
pre 1.3 ivy file: using exactOrRegexp as default matcher
	found ivy file in cache for com.jcraft#jsch;0.1.31 (resolved by Maven Central): C:\Dokumente und Einstellungen\Det\.ivy2\cache\com.jcraft\jsch\ivy-0.1.31.xml
redefined-public: module revision found in cache: com.jcraft#jsch;0.1.31
	found com.jcraft#jsch;0.1.31 in Maven Central
== resolving dependencies org.scala-tools.sbt#sbt_2.7.7;0.7.4->com.jcraft#jsch;0.1.31 [default->runtime]
loadData of com.jcraft#jsch;0.1.31 of rootConf=default
== resolving dependencies org.scala-tools.sbt#sbt_2.7.7;0.7.4->com.jcraft#jsch;0.1.31 [default->compile]
loadData of com.jcraft#jsch;0.1.31 of rootConf=default
== resolving dependencies org.scala-tools.sbt#sbt_2.7.7;0.7.4->com.jcraft#jsch;0.1.31 [default->master]
loadData of com.jcraft#jsch;0.1.31 of rootConf=default
== resolving dependencies org.scala-tools.sbt#sbt_2.7.7;0.7.4->org.scala-tools.testing#test-interface;0.5 [default->default(compile)]
excluding dependency: org.scala-lang#scala-library;2.7.7 {default=[default(compile)]} in default
excluding dependency: org.scala-lang#scala-compiler;2.7.7 {default=[default(compile)]} in default
loadData of org.scala-tools.testing#test-interface;0.5 of rootConf=default
	using redefined-public to resolve org.scala-tools.testing#test-interface;0.5
redefined-public: Checking cache for: dependency: org.scala-tools.testing#test-interface;0.5 {default=[default(compile)]}
No entry is found in the ModuleDescriptorCache : C:\Dokumente und Einstellungen\Det\.ivy2\cache\org.scala-tools.testing\test-interface\ivy-0.5.xml
pre 1.3 ivy file: using exactOrRegexp as default matcher
	found ivy file in cache for org.scala-tools.testing#test-interface;0.5 (resolved by Maven Central): C:\Dokumente und Einstellungen\Det\.ivy2\cache\org.scala-tools.testing\test-interface\ivy-0.5.xml
redefined-public: module revision found in cache: org.scala-tools.testing#test-interface;0.5
	found org.scala-tools.testing#test-interface;0.5 in Maven Central
== resolving dependencies org.scala-tools.sbt#sbt_2.7.7;0.7.4->org.scala-tools.testing#test-interface;0.5 [default->runtime]
loadData of org.scala-tools.testing#test-interface;0.5 of rootConf=default
== resolving dependencies org.scala-tools.sbt#sbt_2.7.7;0.7.4->org.scala-tools.testing#test-interface;0.5 [default->compile]
loadData of org.scala-tools.testing#test-interface;0.5 of rootConf=default
== resolving dependencies org.scala-tools.sbt#sbt_2.7.7;0.7.4->org.scala-tools.testing#test-interface;0.5 [default->master]
loadData of org.scala-tools.testing#test-interface;0.5 of rootConf=default
== resolving dependencies org.scala-tools.sbt#sbt_2.7.7;0.7.4->org.apache.ivy#ivy;2.1.0 [default->default(compile)]
excluding dependency: org.scala-lang#scala-library;2.7.7 {default=[default(compile)]} in default
excluding dependency: org.scala-lang#scala-compiler;2.7.7 {default=[default(compile)]} in default
loadData of org.apache.ivy#ivy;2.1.0 of rootConf=default
	using redefined-public to resolve org.apache.ivy#ivy;2.1.0
redefined-public: Checking cache for: dependency: org.apache.ivy#ivy;2.1.0 {default=[default(compile)]}
No entry is found in the ModuleDescriptorCache : C:\Dokumente und Einstellungen\Det\.ivy2\cache\org.apache.ivy\ivy\ivy-2.1.0.xml
pre 1.3 ivy file: using exactOrRegexp as default matcher
	found ivy file in cache for org.apache.ivy#ivy;2.1.0 (resolved by Maven Central): C:\Dokumente und Einstellungen\Det\.ivy2\cache\org.apache.ivy\ivy\ivy-2.1.0.xml
redefined-public: module revision found in cache: org.apache.ivy#ivy;2.1.0
	found org.apache.ivy#ivy;2.1.0 in Maven Central
== resolving dependencies org.scala-tools.sbt#sbt_2.7.7;0.7.4->org.apache.ivy#ivy;2.1.0 [default->runtime]
loadData of org.apache.ivy#ivy;2.1.0 of rootConf=default
== resolving dependencies org.scala-tools.sbt#sbt_2.7.7;0.7.4->org.apache.ivy#ivy;2.1.0 [default->compile]
loadData of org.apache.ivy#ivy;2.1.0 of rootConf=default
== resolving dependencies org.scala-tools.sbt#sbt_2.7.7;0.7.4->org.apache.ivy#ivy;2.1.0 [default->master]
loadData of org.apache.ivy#ivy;2.1.0 of rootConf=default
== resolving dependencies org.scala-tools.sbt#sbt_2.7.7;0.7.4->org.scala-tools.sbt#compile_2.7.7;0.7.4 [default->default(compile)]
excluding dependency: org.scala-lang#scala-library;2.7.7 {default=[default(compile)]} in default
excluding dependency: org.scala-lang#scala-compiler;2.7.7 {default=[default(compile)]} in default
loadData of org.scala-tools.sbt#compile_2.7.7;0.7.4 of rootConf=default
	using redefined-public to resolve org.scala-tools.sbt#compile_2.7.7;0.7.4
redefined-public: Checking cache for: dependency: org.scala-tools.sbt#compile_2.7.7;0.7.4 {default=[default(compile)]}
	no ivy file in cache for org.scala-tools.sbt#compile_2.7.7;0.7.4: tried C:\Dokumente und Einstellungen\Det\.ivy2\cache\org.scala-tools.sbt\compile_2.7.7\ivy-0.7.4.xml
	no ivy file in cache for org.scala-tools.sbt#compile_2.7.7;0.7.4: tried C:\Dokumente und Einstellungen\Det\.ivy2\cache\org.scala-tools.sbt\compile_2.7.7\ivy-0.7.4.xml
	 trying C:\Dokumente und Einstellungen\Det\.ivy2/local/org.scala-tools.sbt/compile_2.7.7/0.7.4/ivys/ivy.xml
		tried C:\Dokumente und Einstellungen\Det\.ivy2/local/org.scala-tools.sbt/compile_2.7.7/0.7.4/ivys/ivy.xml
	local: resource not reachable for org.scala-tools.sbt#compile_2.7.7;0.7.4: res=C:\Dokumente und Einstellungen\Det\.ivy2\local\org.scala-tools.sbt\compile_2.7.7\0.7.4\ivys\ivy.xml
	 trying C:\Dokumente und Einstellungen\Det\.ivy2/local/org.scala-tools.sbt/compile_2.7.7/0.7.4/jars/compile_2.7.7.jar
		tried C:\Dokumente und Einstellungen\Det\.ivy2/local/org.scala-tools.sbt/compile_2.7.7/0.7.4/jars/compile_2.7.7.jar
	local: resource not reachable for org.scala-tools.sbt#compile_2.7.7;0.7.4: res=C:\Dokumente und Einstellungen\Det\.ivy2\local\org.scala-tools.sbt\compile_2.7.7\0.7.4\jars\compile_2.7.7.jar
	local: no ivy file nor artifact found for org.scala-tools.sbt#compile_2.7.7;0.7.4
	no ivy file in cache for org.scala-tools.sbt#compile_2.7.7;0.7.4: tried C:\Dokumente und Einstellungen\Det\.ivy2\cache\org.scala-tools.sbt\compile_2.7.7\ivy-0.7.4.xml
	 trying file://C:\Dokumente und Einstellungen\Det/.m2/repository/org/scala-tools/sbt/compile_2.7.7/0.7.4/compile_2.7.7-0.7.4.pom
		tried file://C:\Dokumente und Einstellungen\Det/.m2/repository/org/scala-tools/sbt/compile_2.7.7/0.7.4/compile_2.7.7-0.7.4.pom
	Maven2 Local: resource not reachable for org/scala-tools/sbt#compile_2.7.7;0.7.4: res=file://C:/Dokumente und Einstellungen/Det/.m2/repository/org/scala-tools/sbt/compile_2.7.7/0.7.4/compile_2.7.7-0.7.4.pom
	 trying file://C:\Dokumente und Einstellungen\Det/.m2/repository/org/scala-tools/sbt/compile_2.7.7/0.7.4/compile_2.7.7-0.7.4.jar
		tried file://C:\Dokumente und Einstellungen\Det/.m2/repository/org/scala-tools/sbt/compile_2.7.7/0.7.4/compile_2.7.7-0.7.4.jar
	Maven2 Local: resource not reachable for org/scala-tools/sbt#compile_2.7.7;0.7.4: res=file://C:/Dokumente und Einstellungen/Det/.m2/repository/org/scala-tools/sbt/compile_2.7.7/0.7.4/compile_2.7.7-0.7.4.jar
	Maven2 Local: no ivy file nor artifact found for org.scala-tools.sbt#compile_2.7.7;0.7.4
	no ivy file in cache for org.scala-tools.sbt#compile_2.7.7;0.7.4: tried C:\Dokumente und Einstellungen\Det\.ivy2\cache\org.scala-tools.sbt\compile_2.7.7\ivy-0.7.4.xml
	 trying http://databinder.net/repo/org.scala-tools.sbt/compile_2.7.7/0.7.4/ivys/ivy.xml
		tried http://databinder.net/repo/org.scala-tools.sbt/compile_2.7.7/0.7.4/ivys/ivy.xml
	sbt-db: found md file for org.scala-tools.sbt#compile_2.7.7;0.7.4
		=> http://databinder.net/repo/org.scala-tools.sbt/compile_2.7.7/0.7.4/ivys/ivy.xml (0.7.4)
	parser = ivy parser
	no ivy file in cache for org.scala-tools.sbt#compile_2.7.7;0.7.4: tried C:\Dokumente und Einstellungen\Det\.ivy2\cache\org.scala-tools.sbt\compile_2.7.7\ivy-0.7.4.xml
downloading http://databinder.net/repo/org.scala-tools.sbt/compile_2.7.7/0.7.4/ivys/ivy.xml ...
	sbt-db: downloading http://databinder.net/repo/org.scala-tools.sbt/compile_2.7.7/0.7.4/ivys/ivy.xml
		to C:\Dokumente und Einstellungen\Det\.ivy2\cache\org.scala-tools.sbt\compile_2.7.7\ivy-0.7.4.xml.original.part
	[SUCCESSFUL ] org.scala-tools.sbt#compile_2.7.7;0.7.4!ivy.xml(ivy.original) (172ms)
pre 1.3 ivy file: using exactOrRegexp as default matcher
	default-cache: parsed downloaded md file for org.scala-tools.sbt#compile_2.7.7;0.7.4; parsed=org.scala-tools.sbt#compile_2.7.7;0.7.4
	checking org.scala-tools.sbt#compile_2.7.7;0.7.4 from sbt-db against [none]
	module revision kept as first found: org.scala-tools.sbt#compile_2.7.7;0.7.4 from sbt-db
	found org.scala-tools.sbt#compile_2.7.7;0.7.4 in sbt-db
== resolving dependencies org.scala-tools.sbt#compile_2.7.7;0.7.4->org.scala-tools.sbt#launcher-interface;0.7.4 [default->default(compile)]
excluding dependency: org.scala-lang#scala-library;2.7.7 {default=[default(compile)]} in default
excluding dependency: org.scala-lang#scala-compiler;2.7.7 {default=[default(compile)]} in default
loadData of org.scala-tools.sbt#launcher-interface;0.7.4 of rootConf=default
	using redefined-public to resolve org.scala-tools.sbt#launcher-interface;0.7.4
redefined-public: Checking cache for: dependency: org.scala-tools.sbt#launcher-interface;0.7.4 {default=[default(compile)]}
	no ivy file in cache for org.scala-tools.sbt#launcher-interface;0.7.4: tried C:\Dokumente und Einstellungen\Det\.ivy2\cache\org.scala-tools.sbt\launcher-interface\ivy-0.7.4.xml
	no ivy file in cache for org.scala-tools.sbt#launcher-interface;0.7.4: tried C:\Dokumente und Einstellungen\Det\.ivy2\cache\org.scala-tools.sbt\launcher-interface\ivy-0.7.4.xml
	 trying C:\Dokumente und Einstellungen\Det\.ivy2/local/org.scala-tools.sbt/launcher-interface/0.7.4/ivys/ivy.xml
		tried C:\Dokumente und Einstellungen\Det\.ivy2/local/org.scala-tools.sbt/launcher-interface/0.7.4/ivys/ivy.xml
	local: resource not reachable for org.scala-tools.sbt#launcher-interface;0.7.4: res=C:\Dokumente und Einstellungen\Det\.ivy2\local\org.scala-tools.sbt\launcher-interface\0.7.4\ivys\ivy.xml
	 trying C:\Dokumente und Einstellungen\Det\.ivy2/local/org.scala-tools.sbt/launcher-interface/0.7.4/jars/launcher-interface.jar
		tried C:\Dokumente und Einstellungen\Det\.ivy2/local/org.scala-tools.sbt/launcher-interface/0.7.4/jars/launcher-interface.jar
	local: resource not reachable for org.scala-tools.sbt#launcher-interface;0.7.4: res=C:\Dokumente und Einstellungen\Det\.ivy2\local\org.scala-tools.sbt\launcher-interface\0.7.4\jars\launcher-interface.jar
	local: no ivy file nor artifact found for org.scala-tools.sbt#launcher-interface;0.7.4
	no ivy file in cache for org.scala-tools.sbt#launcher-interface;0.7.4: tried C:\Dokumente und Einstellungen\Det\.ivy2\cache\org.scala-tools.sbt\launcher-interface\ivy-0.7.4.xml
	 trying file://C:\Dokumente und Einstellungen\Det/.m2/repository/org/scala-tools/sbt/launcher-interface/0.7.4/launcher-interface-0.7.4.pom
		tried file://C:\Dokumente und Einstellungen\Det/.m2/repository/org/scala-tools/sbt/launcher-interface/0.7.4/launcher-interface-0.7.4.pom
	Maven2 Local: resource not reachable for org/scala-tools/sbt#launcher-interface;0.7.4: res=file://C:/Dokumente und Einstellungen/Det/.m2/repository/org/scala-tools/sbt/launcher-interface/0.7.4/launcher-interface-0.7.4.pom
	 trying file://C:\Dokumente und Einstellungen\Det/.m2/repository/org/scala-tools/sbt/launcher-interface/0.7.4/launcher-interface-0.7.4.jar
		tried file://C:\Dokumente und Einstellungen\Det/.m2/repository/org/scala-tools/sbt/launcher-interface/0.7.4/launcher-interface-0.7.4.jar
	Maven2 Local: resource not reachable for org/scala-tools/sbt#launcher-interface;0.7.4: res=file://C:/Dokumente und Einstellungen/Det/.m2/repository/org/scala-tools/sbt/launcher-interface/0.7.4/launcher-interface-0.7.4.jar
	Maven2 Local: no ivy file nor artifact found for org.scala-tools.sbt#launcher-interface;0.7.4
	no ivy file in cache for org.scala-tools.sbt#launcher-interface;0.7.4: tried C:\Dokumente und Einstellungen\Det\.ivy2\cache\org.scala-tools.sbt\launcher-interface\ivy-0.7.4.xml
	 trying http://databinder.net/repo/org.scala-tools.sbt/launcher-interface/0.7.4/ivys/ivy.xml
		tried http://databinder.net/repo/org.scala-tools.sbt/launcher-interface/0.7.4/ivys/ivy.xml
	sbt-db: found md file for org.scala-tools.sbt#launcher-interface;0.7.4
		=> http://databinder.net/repo/org.scala-tools.sbt/launcher-interface/0.7.4/ivys/ivy.xml (0.7.4)
	parser = ivy parser
	no ivy file in cache for org.scala-tools.sbt#launcher-interface;0.7.4: tried C:\Dokumente und Einstellungen\Det\.ivy2\cache\org.scala-tools.sbt\launcher-interface\ivy-0.7.4.xml
downloading http://databinder.net/repo/org.scala-tools.sbt/launcher-interface/0.7.4/ivys/ivy.xml ...
	sbt-db: downloading http://databinder.net/repo/org.scala-tools.sbt/launcher-interface/0.7.4/ivys/ivy.xml
		to C:\Dokumente und Einstellungen\Det\.ivy2\cache\org.scala-tools.sbt\launcher-interface\ivy-0.7.4.xml.original.part
	[SUCCESSFUL ] org.scala-tools.sbt#launcher-interface;0.7.4!ivy.xml(ivy.original) (234ms)
pre 1.3 ivy file: using exactOrRegexp as default matcher
	default-cache: parsed downloaded md file for org.scala-tools.sbt#launcher-interface;0.7.4; parsed=org.scala-tools.sbt#launcher-interface;0.7.4
	checking org.scala-tools.sbt#launcher-interface;0.7.4 from sbt-db against [none]
	module revision kept as first found: org.scala-tools.sbt#launcher-interface;0.7.4 from sbt-db
	found org.scala-tools.sbt#launcher-interface;0.7.4 in sbt-db
== resolving dependencies org.scala-tools.sbt#compile_2.7.7;0.7.4->org.scala-tools.sbt#interface;0.7.4 [default->default(compile)]
excluding dependency: org.scala-lang#scala-library;2.7.7 {default=[default(compile)]} in default
excluding dependency: org.scala-lang#scala-compiler;2.7.7 {default=[default(compile)]} in default
loadData of org.scala-tools.sbt#interface;0.7.4 of rootConf=default
	using redefined-public to resolve org.scala-tools.sbt#interface;0.7.4
redefined-public: Checking cache for: dependency: org.scala-tools.sbt#interface;0.7.4 {default=[default(compile)]}
	no ivy file in cache for org.scala-tools.sbt#interface;0.7.4: tried C:\Dokumente und Einstellungen\Det\.ivy2\cache\org.scala-tools.sbt\interface\ivy-0.7.4.xml
	no ivy file in cache for org.scala-tools.sbt#interface;0.7.4: tried C:\Dokumente und Einstellungen\Det\.ivy2\cache\org.scala-tools.sbt\interface\ivy-0.7.4.xml
	 trying C:\Dokumente und Einstellungen\Det\.ivy2/local/org.scala-tools.sbt/interface/0.7.4/ivys/ivy.xml
		tried C:\Dokumente und Einstellungen\Det\.ivy2/local/org.scala-tools.sbt/interface/0.7.4/ivys/ivy.xml
	local: resource not reachable for org.scala-tools.sbt#interface;0.7.4: res=C:\Dokumente und Einstellungen\Det\.ivy2\local\org.scala-tools.sbt\interface\0.7.4\ivys\ivy.xml
	 trying C:\Dokumente und Einstellungen\Det\.ivy2/local/org.scala-tools.sbt/interface/0.7.4/jars/interface.jar
		tried C:\Dokumente und Einstellungen\Det\.ivy2/local/org.scala-tools.sbt/interface/0.7.4/jars/interface.jar
	local: resource not reachable for org.scala-tools.sbt#interface;0.7.4: res=C:\Dokumente und Einstellungen\Det\.ivy2\local\org.scala-tools.sbt\interface\0.7.4\jars\interface.jar
	local: no ivy file nor artifact found for org.scala-tools.sbt#interface;0.7.4
	no ivy file in cache for org.scala-tools.sbt#interface;0.7.4: tried C:\Dokumente und Einstellungen\Det\.ivy2\cache\org.scala-tools.sbt\interface\ivy-0.7.4.xml
	 trying file://C:\Dokumente und Einstellungen\Det/.m2/repository/org/scala-tools/sbt/interface/0.7.4/interface-0.7.4.pom
		tried file://C:\Dokumente und Einstellungen\Det/.m2/repository/org/scala-tools/sbt/interface/0.7.4/interface-0.7.4.pom
	Maven2 Local: resource not reachable for org/scala-tools/sbt#interface;0.7.4: res=file://C:/Dokumente und Einstellungen/Det/.m2/repository/org/scala-tools/sbt/interface/0.7.4/interface-0.7.4.pom
	 trying file://C:\Dokumente und Einstellungen\Det/.m2/repository/org/scala-tools/sbt/interface/0.7.4/interface-0.7.4.jar
		tried file://C:\Dokumente und Einstellungen\Det/.m2/repository/org/scala-tools/sbt/interface/0.7.4/interface-0.7.4.jar
	Maven2 Local: resource not reachable for org/scala-tools/sbt#interface;0.7.4: res=file://C:/Dokumente und Einstellungen/Det/.m2/repository/org/scala-tools/sbt/interface/0.7.4/interface-0.7.4.jar
	Maven2 Local: no ivy file nor artifact found for org.scala-tools.sbt#interface;0.7.4
	no ivy file in cache for org.scala-tools.sbt#interface;0.7.4: tried C:\Dokumente und Einstellungen\Det\.ivy2\cache\org.scala-tools.sbt\interface\ivy-0.7.4.xml
	 trying http://databinder.net/repo/org.scala-tools.sbt/interface/0.7.4/ivys/ivy.xml
		tried http://databinder.net/repo/org.scala-tools.sbt/interface/0.7.4/ivys/ivy.xml
	sbt-db: found md file for org.scala-tools.sbt#interface;0.7.4
		=> http://databinder.net/repo/org.scala-tools.sbt/interface/0.7.4/ivys/ivy.xml (0.7.4)
	parser = ivy parser
	no ivy file in cache for org.scala-tools.sbt#interface;0.7.4: tried C:\Dokumente und Einstellungen\Det\.ivy2\cache\org.scala-tools.sbt\interface\ivy-0.7.4.xml
downloading http://databinder.net/repo/org.scala-tools.sbt/interface/0.7.4/ivys/ivy.xml ...
	sbt-db: downloading http://databinder.net/repo/org.scala-tools.sbt/interface/0.7.4/ivys/ivy.xml
		to C:\Dokumente und Einstellungen\Det\.ivy2\cache\org.scala-tools.sbt\interface\ivy-0.7.4.xml.original.part
	[SUCCESSFUL ] org.scala-tools.sbt#interface;0.7.4!ivy.xml(ivy.original) (187ms)
pre 1.3 ivy file: using exactOrRegexp as default matcher
	default-cache: parsed downloaded md file for org.scala-tools.sbt#interface;0.7.4; parsed=org.scala-tools.sbt#interface;0.7.4
	checking org.scala-tools.sbt#interface;0.7.4 from sbt-db against [none]
	module revision kept as first found: org.scala-tools.sbt#interface;0.7.4 from sbt-db
	found org.scala-tools.sbt#interface;0.7.4 in sbt-db
== resolving dependencies org.scala-tools.sbt#compile_2.7.7;0.7.4->org.scala-tools.sbt#ivy_2.7.7;0.7.4 [default->default(compile)]
excluding dependency: org.scala-lang#scala-library;2.7.7 {default=[default(compile)]} in default
excluding dependency: org.scala-lang#scala-compiler;2.7.7 {default=[default(compile)]} in default
loadData of org.scala-tools.sbt#ivy_2.7.7;0.7.4 of rootConf=default
	using redefined-public to resolve org.scala-tools.sbt#ivy_2.7.7;0.7.4
redefined-public: Checking cache for: dependency: org.scala-tools.sbt#ivy_2.7.7;0.7.4 {default=[default(compile)]}
	no ivy file in cache for org.scala-tools.sbt#ivy_2.7.7;0.7.4: tried C:\Dokumente und Einstellungen\Det\.ivy2\cache\org.scala-tools.sbt\ivy_2.7.7\ivy-0.7.4.xml
	no ivy file in cache for org.scala-tools.sbt#ivy_2.7.7;0.7.4: tried C:\Dokumente und Einstellungen\Det\.ivy2\cache\org.scala-tools.sbt\ivy_2.7.7\ivy-0.7.4.xml
	 trying C:\Dokumente und Einstellungen\Det\.ivy2/local/org.scala-tools.sbt/ivy_2.7.7/0.7.4/ivys/ivy.xml
		tried C:\Dokumente und Einstellungen\Det\.ivy2/local/org.scala-tools.sbt/ivy_2.7.7/0.7.4/ivys/ivy.xml
	local: resource not reachable for org.scala-tools.sbt#ivy_2.7.7;0.7.4: res=C:\Dokumente und Einstellungen\Det\.ivy2\local\org.scala-tools.sbt\ivy_2.7.7\0.7.4\ivys\ivy.xml
	 trying C:\Dokumente und Einstellungen\Det\.ivy2/local/org.scala-tools.sbt/ivy_2.7.7/0.7.4/jars/ivy_2.7.7.jar
		tried C:\Dokumente und Einstellungen\Det\.ivy2/local/org.scala-tools.sbt/ivy_2.7.7/0.7.4/jars/ivy_2.7.7.jar
	local: resource not reachable for org.scala-tools.sbt#ivy_2.7.7;0.7.4: res=C:\Dokumente und Einstellungen\Det\.ivy2\local\org.scala-tools.sbt\ivy_2.7.7\0.7.4\jars\ivy_2.7.7.jar
	local: no ivy file nor artifact found for org.scala-tools.sbt#ivy_2.7.7;0.7.4
	no ivy file in cache for org.scala-tools.sbt#ivy_2.7.7;0.7.4: tried C:\Dokumente und Einstellungen\Det\.ivy2\cache\org.scala-tools.sbt\ivy_2.7.7\ivy-0.7.4.xml
	 trying file://C:\Dokumente und Einstellungen\Det/.m2/repository/org/scala-tools/sbt/ivy_2.7.7/0.7.4/ivy_2.7.7-0.7.4.pom
		tried file://C:\Dokumente und Einstellungen\Det/.m2/repository/org/scala-tools/sbt/ivy_2.7.7/0.7.4/ivy_2.7.7-0.7.4.pom
	Maven2 Local: resource not reachable for org/scala-tools/sbt#ivy_2.7.7;0.7.4: res=file://C:/Dokumente und Einstellungen/Det/.m2/repository/org/scala-tools/sbt/ivy_2.7.7/0.7.4/ivy_2.7.7-0.7.4.pom
	 trying file://C:\Dokumente und Einstellungen\Det/.m2/repository/org/scala-tools/sbt/ivy_2.7.7/0.7.4/ivy_2.7.7-0.7.4.jar
		tried file://C:\Dokumente und Einstellungen\Det/.m2/repository/org/scala-tools/sbt/ivy_2.7.7/0.7.4/ivy_2.7.7-0.7.4.jar
	Maven2 Local: resource not reachable for org/scala-tools/sbt#ivy_2.7.7;0.7.4: res=file://C:/Dokumente und Einstellungen/Det/.m2/repository/org/scala-tools/sbt/ivy_2.7.7/0.7.4/ivy_2.7.7-0.7.4.jar
	Maven2 Local: no ivy file nor artifact found for org.scala-tools.sbt#ivy_2.7.7;0.7.4
	no ivy file in cache for org.scala-tools.sbt#ivy_2.7.7;0.7.4: tried C:\Dokumente und Einstellungen\Det\.ivy2\cache\org.scala-tools.sbt\ivy_2.7.7\ivy-0.7.4.xml
	 trying http://databinder.net/repo/org.scala-tools.sbt/ivy_2.7.7/0.7.4/ivys/ivy.xml
		tried http://databinder.net/repo/org.scala-tools.sbt/ivy_2.7.7/0.7.4/ivys/ivy.xml
	sbt-db: found md file for org.scala-tools.sbt#ivy_2.7.7;0.7.4
		=> http://databinder.net/repo/org.scala-tools.sbt/ivy_2.7.7/0.7.4/ivys/ivy.xml (0.7.4)
	parser = ivy parser
	no ivy file in cache for org.scala-tools.sbt#ivy_2.7.7;0.7.4: tried C:\Dokumente und Einstellungen\Det\.ivy2\cache\org.scala-tools.sbt\ivy_2.7.7\ivy-0.7.4.xml
downloading http://databinder.net/repo/org.scala-tools.sbt/ivy_2.7.7/0.7.4/ivys/ivy.xml ...
	sbt-db: downloading http://databinder.net/repo/org.scala-tools.sbt/ivy_2.7.7/0.7.4/ivys/ivy.xml
		to C:\Dokumente und Einstellungen\Det\.ivy2\cache\org.scala-tools.sbt\ivy_2.7.7\ivy-0.7.4.xml.original.part
	[SUCCESSFUL ] org.scala-tools.sbt#ivy_2.7.7;0.7.4!ivy.xml(ivy.original) (172ms)
pre 1.3 ivy file: using exactOrRegexp as default matcher
	default-cache: parsed downloaded md file for org.scala-tools.sbt#ivy_2.7.7;0.7.4; parsed=org.scala-tools.sbt#ivy_2.7.7;0.7.4
	checking org.scala-tools.sbt#ivy_2.7.7;0.7.4 from sbt-db against [none]
	module revision kept as first found: org.scala-tools.sbt#ivy_2.7.7;0.7.4 from sbt-db
	found org.scala-tools.sbt#ivy_2.7.7;0.7.4 in sbt-db
== resolving dependencies org.scala-tools.sbt#ivy_2.7.7;0.7.4->org.apache.ivy#ivy;2.1.0 [default->default(compile)]
loadData of org.apache.ivy#ivy;2.1.0 of rootConf=default
default is loaded and no conf to load.  Skip loading
== resolving dependencies org.scala-tools.sbt#ivy_2.7.7;0.7.4->org.apache.ivy#ivy;2.1.0 [default->runtime]
loadData of org.apache.ivy#ivy;2.1.0 of rootConf=default
default is loaded and no conf to load.  Skip loading
== resolving dependencies org.scala-tools.sbt#ivy_2.7.7;0.7.4->org.apache.ivy#ivy;2.1.0 [default->compile]
loadData of org.apache.ivy#ivy;2.1.0 of rootConf=default
default is loaded and no conf to load.  Skip loading
== resolving dependencies org.scala-tools.sbt#ivy_2.7.7;0.7.4->org.apache.ivy#ivy;2.1.0 [default->master]
loadData of org.apache.ivy#ivy;2.1.0 of rootConf=default
default is loaded and no conf to load.  Skip loading
== resolving dependencies org.scala-tools.sbt#ivy_2.7.7;0.7.4->org.scala-tools.sbt#interface;0.7.4 [default->default(compile)]
loadData of org.scala-tools.sbt#interface;0.7.4 of rootConf=default
default is loaded and no conf to load.  Skip loading
== resolving dependencies org.scala-tools.sbt#ivy_2.7.7;0.7.4->org.scala-tools.sbt#launcher-interface;0.7.4 [default->default(compile)]
loadData of org.scala-tools.sbt#launcher-interface;0.7.4 of rootConf=default
default is loaded and no conf to load.  Skip loading
== resolving dependencies org.scala-tools.sbt#compile_2.7.7;0.7.4->org.scala-tools.sbt#io_2.7.7;0.7.4 [default->default(compile)]
excluding dependency: org.scala-lang#scala-library;2.7.7 {default=[default(compile)]} in default
excluding dependency: org.scala-lang#scala-compiler;2.7.7 {default=[default(compile)]} in default
loadData of org.scala-tools.sbt#io_2.7.7;0.7.4 of rootConf=default
	using redefined-public to resolve org.scala-tools.sbt#io_2.7.7;0.7.4
redefined-public: Checking cache for: dependency: org.scala-tools.sbt#io_2.7.7;0.7.4 {default=[default(compile)]}
	no ivy file in cache for org.scala-tools.sbt#io_2.7.7;0.7.4: tried C:\Dokumente und Einstellungen\Det\.ivy2\cache\org.scala-tools.sbt\io_2.7.7\ivy-0.7.4.xml
	no ivy file in cache for org.scala-tools.sbt#io_2.7.7;0.7.4: tried C:\Dokumente und Einstellungen\Det\.ivy2\cache\org.scala-tools.sbt\io_2.7.7\ivy-0.7.4.xml
	 trying C:\Dokumente und Einstellungen\Det\.ivy2/local/org.scala-tools.sbt/io_2.7.7/0.7.4/ivys/ivy.xml
		tried C:\Dokumente und Einstellungen\Det\.ivy2/local/org.scala-tools.sbt/io_2.7.7/0.7.4/ivys/ivy.xml
	local: resource not reachable for org.scala-tools.sbt#io_2.7.7;0.7.4: res=C:\Dokumente und Einstellungen\Det\.ivy2\local\org.scala-tools.sbt\io_2.7.7\0.7.4\ivys\ivy.xml
	 trying C:\Dokumente und Einstellungen\Det\.ivy2/local/org.scala-tools.sbt/io_2.7.7/0.7.4/jars/io_2.7.7.jar
		tried C:\Dokumente und Einstellungen\Det\.ivy2/local/org.scala-tools.sbt/io_2.7.7/0.7.4/jars/io_2.7.7.jar
	local: resource not reachable for org.scala-tools.sbt#io_2.7.7;0.7.4: res=C:\Dokumente und Einstellungen\Det\.ivy2\local\org.scala-tools.sbt\io_2.7.7\0.7.4\jars\io_2.7.7.jar
	local: no ivy file nor artifact found for org.scala-tools.sbt#io_2.7.7;0.7.4
	no ivy file in cache for org.scala-tools.sbt#io_2.7.7;0.7.4: tried C:\Dokumente und Einstellungen\Det\.ivy2\cache\org.scala-tools.sbt\io_2.7.7\ivy-0.7.4.xml
	 trying file://C:\Dokumente und Einstellungen\Det/.m2/repository/org/scala-tools/sbt/io_2.7.7/0.7.4/io_2.7.7-0.7.4.pom
		tried file://C:\Dokumente und Einstellungen\Det/.m2/repository/org/scala-tools/sbt/io_2.7.7/0.7.4/io_2.7.7-0.7.4.pom
	Maven2 Local: resource not reachable for org/scala-tools/sbt#io_2.7.7;0.7.4: res=file://C:/Dokumente und Einstellungen/Det/.m2/repository/org/scala-tools/sbt/io_2.7.7/0.7.4/io_2.7.7-0.7.4.pom
	 trying file://C:\Dokumente und Einstellungen\Det/.m2/repository/org/scala-tools/sbt/io_2.7.7/0.7.4/io_2.7.7-0.7.4.jar
		tried file://C:\Dokumente und Einstellungen\Det/.m2/repository/org/scala-tools/sbt/io_2.7.7/0.7.4/io_2.7.7-0.7.4.jar
	Maven2 Local: resource not reachable for org/scala-tools/sbt#io_2.7.7;0.7.4: res=file://C:/Dokumente und Einstellungen/Det/.m2/repository/org/scala-tools/sbt/io_2.7.7/0.7.4/io_2.7.7-0.7.4.jar
	Maven2 Local: no ivy file nor artifact found for org.scala-tools.sbt#io_2.7.7;0.7.4
	no ivy file in cache for org.scala-tools.sbt#io_2.7.7;0.7.4: tried C:\Dokumente und Einstellungen\Det\.ivy2\cache\org.scala-tools.sbt\io_2.7.7\ivy-0.7.4.xml
	 trying http://databinder.net/repo/org.scala-tools.sbt/io_2.7.7/0.7.4/ivys/ivy.xml
		tried http://databinder.net/repo/org.scala-tools.sbt/io_2.7.7/0.7.4/ivys/ivy.xml
	sbt-db: found md file for org.scala-tools.sbt#io_2.7.7;0.7.4
		=> http://databinder.net/repo/org.scala-tools.sbt/io_2.7.7/0.7.4/ivys/ivy.xml (0.7.4)
	parser = ivy parser
	no ivy file in cache for org.scala-tools.sbt#io_2.7.7;0.7.4: tried C:\Dokumente und Einstellungen\Det\.ivy2\cache\org.scala-tools.sbt\io_2.7.7\ivy-0.7.4.xml
downloading http://databinder.net/repo/org.scala-tools.sbt/io_2.7.7/0.7.4/ivys/ivy.xml ...
	sbt-db: downloading http://databinder.net/repo/org.scala-tools.sbt/io_2.7.7/0.7.4/ivys/ivy.xml
		to C:\Dokumente und Einstellungen\Det\.ivy2\cache\org.scala-tools.sbt\io_2.7.7\ivy-0.7.4.xml.original.part
	[SUCCESSFUL ] org.scala-tools.sbt#io_2.7.7;0.7.4!ivy.xml(ivy.original) (172ms)
pre 1.3 ivy file: using exactOrRegexp as default matcher
	default-cache: parsed downloaded md file for org.scala-tools.sbt#io_2.7.7;0.7.4; parsed=org.scala-tools.sbt#io_2.7.7;0.7.4
	checking org.scala-tools.sbt#io_2.7.7;0.7.4 from sbt-db against [none]
	module revision kept as first found: org.scala-tools.sbt#io_2.7.7;0.7.4 from sbt-db
	found org.scala-tools.sbt#io_2.7.7;0.7.4 in sbt-db
== resolving dependencies org.scala-tools.sbt#io_2.7.7;0.7.4->org.scala-tools.sbt#control_2.7.7;0.7.4 [default->default(compile)]
excluding dependency: org.scala-lang#scala-library;2.7.7 {default=[default(compile)]} in default
excluding dependency: org.scala-lang#scala-compiler;2.7.7 {default=[default(compile)]} in default
loadData of org.scala-tools.sbt#control_2.7.7;0.7.4 of rootConf=default
	using redefined-public to resolve org.scala-tools.sbt#control_2.7.7;0.7.4
redefined-public: Checking cache for: dependency: org.scala-tools.sbt#control_2.7.7;0.7.4 {default=[default(compile)]}
	no ivy file in cache for org.scala-tools.sbt#control_2.7.7;0.7.4: tried C:\Dokumente und Einstellungen\Det\.ivy2\cache\org.scala-tools.sbt\control_2.7.7\ivy-0.7.4.xml
	no ivy file in cache for org.scala-tools.sbt#control_2.7.7;0.7.4: tried C:\Dokumente und Einstellungen\Det\.ivy2\cache\org.scala-tools.sbt\control_2.7.7\ivy-0.7.4.xml
	 trying C:\Dokumente und Einstellungen\Det\.ivy2/local/org.scala-tools.sbt/control_2.7.7/0.7.4/ivys/ivy.xml
		tried C:\Dokumente und Einstellungen\Det\.ivy2/local/org.scala-tools.sbt/control_2.7.7/0.7.4/ivys/ivy.xml
	local: resource not reachable for org.scala-tools.sbt#control_2.7.7;0.7.4: res=C:\Dokumente und Einstellungen\Det\.ivy2\local\org.scala-tools.sbt\control_2.7.7\0.7.4\ivys\ivy.xml
	 trying C:\Dokumente und Einstellungen\Det\.ivy2/local/org.scala-tools.sbt/control_2.7.7/0.7.4/jars/control_2.7.7.jar
		tried C:\Dokumente und Einstellungen\Det\.ivy2/local/org.scala-tools.sbt/control_2.7.7/0.7.4/jars/control_2.7.7.jar
	local: resource not reachable for org.scala-tools.sbt#control_2.7.7;0.7.4: res=C:\Dokumente und Einstellungen\Det\.ivy2\local\org.scala-tools.sbt\control_2.7.7\0.7.4\jars\control_2.7.7.jar
	local: no ivy file nor artifact found for org.scala-tools.sbt#control_2.7.7;0.7.4
	no ivy file in cache for org.scala-tools.sbt#control_2.7.7;0.7.4: tried C:\Dokumente und Einstellungen\Det\.ivy2\cache\org.scala-tools.sbt\control_2.7.7\ivy-0.7.4.xml
	 trying file://C:\Dokumente und Einstellungen\Det/.m2/repository/org/scala-tools/sbt/control_2.7.7/0.7.4/control_2.7.7-0.7.4.pom
		tried file://C:\Dokumente und Einstellungen\Det/.m2/repository/org/scala-tools/sbt/control_2.7.7/0.7.4/control_2.7.7-0.7.4.pom
	Maven2 Local: resource not reachable for org/scala-tools/sbt#control_2.7.7;0.7.4: res=file://C:/Dokumente und Einstellungen/Det/.m2/repository/org/scala-tools/sbt/control_2.7.7/0.7.4/control_2.7.7-0.7.4.pom
	 trying file://C:\Dokumente und Einstellungen\Det/.m2/repository/org/scala-tools/sbt/control_2.7.7/0.7.4/control_2.7.7-0.7.4.jar
		tried file://C:\Dokumente und Einstellungen\Det/.m2/repository/org/scala-tools/sbt/control_2.7.7/0.7.4/control_2.7.7-0.7.4.jar
	Maven2 Local: resource not reachable for org/scala-tools/sbt#control_2.7.7;0.7.4: res=file://C:/Dokumente und Einstellungen/Det/.m2/repository/org/scala-tools/sbt/control_2.7.7/0.7.4/control_2.7.7-0.7.4.jar
	Maven2 Local: no ivy file nor artifact found for org.scala-tools.sbt#control_2.7.7;0.7.4
	no ivy file in cache for org.scala-tools.sbt#control_2.7.7;0.7.4: tried C:\Dokumente und Einstellungen\Det\.ivy2\cache\org.scala-tools.sbt\control_2.7.7\ivy-0.7.4.xml
	 trying http://databinder.net/repo/org.scala-tools.sbt/control_2.7.7/0.7.4/ivys/ivy.xml
		tried http://databinder.net/repo/org.scala-tools.sbt/control_2.7.7/0.7.4/ivys/ivy.xml
	sbt-db: found md file for org.scala-tools.sbt#control_2.7.7;0.7.4
		=> http://databinder.net/repo/org.scala-tools.sbt/control_2.7.7/0.7.4/ivys/ivy.xml (0.7.4)
	parser = ivy parser
	no ivy file in cache for org.scala-tools.sbt#control_2.7.7;0.7.4: tried C:\Dokumente und Einstellungen\Det\.ivy2\cache\org.scala-tools.sbt\control_2.7.7\ivy-0.7.4.xml
downloading http://databinder.net/repo/org.scala-tools.sbt/control_2.7.7/0.7.4/ivys/ivy.xml ...
	sbt-db: downloading http://databinder.net/repo/org.scala-tools.sbt/control_2.7.7/0.7.4/ivys/ivy.xml
		to C:\Dokumente und Einstellungen\Det\.ivy2\cache\org.scala-tools.sbt\control_2.7.7\ivy-0.7.4.xml.original.part
	[SUCCESSFUL ] org.scala-tools.sbt#control_2.7.7;0.7.4!ivy.xml(ivy.original) (172ms)
pre 1.3 ivy file: using exactOrRegexp as default matcher
	default-cache: parsed downloaded md file for org.scala-tools.sbt#control_2.7.7;0.7.4; parsed=org.scala-tools.sbt#control_2.7.7;0.7.4
	checking org.scala-tools.sbt#control_2.7.7;0.7.4 from sbt-db against [none]
	module revision kept as first found: org.scala-tools.sbt#control_2.7.7;0.7.4 from sbt-db
	found org.scala-tools.sbt#control_2.7.7;0.7.4 in sbt-db
== resolving dependencies org.scala-tools.sbt#compile_2.7.7;0.7.4->org.scala-tools.sbt#classpath_2.7.7;0.7.4 [default->default(compile)]
excluding dependency: org.scala-lang#scala-library;2.7.7 {default=[default(compile)]} in default
excluding dependency: org.scala-lang#scala-compiler;2.7.7 {default=[default(compile)]} in default
loadData of org.scala-tools.sbt#classpath_2.7.7;0.7.4 of rootConf=default
	using redefined-public to resolve org.scala-tools.sbt#classpath_2.7.7;0.7.4
redefined-public: Checking cache for: dependency: org.scala-tools.sbt#classpath_2.7.7;0.7.4 {default=[default(compile)]}
	no ivy file in cache for org.scala-tools.sbt#classpath_2.7.7;0.7.4: tried C:\Dokumente und Einstellungen\Det\.ivy2\cache\org.scala-tools.sbt\classpath_2.7.7\ivy-0.7.4.xml
	no ivy file in cache for org.scala-tools.sbt#classpath_2.7.7;0.7.4: tried C:\Dokumente und Einstellungen\Det\.ivy2\cache\org.scala-tools.sbt\classpath_2.7.7\ivy-0.7.4.xml
	 trying C:\Dokumente und Einstellungen\Det\.ivy2/local/org.scala-tools.sbt/classpath_2.7.7/0.7.4/ivys/ivy.xml
		tried C:\Dokumente und Einstellungen\Det\.ivy2/local/org.scala-tools.sbt/classpath_2.7.7/0.7.4/ivys/ivy.xml
	local: resource not reachable for org.scala-tools.sbt#classpath_2.7.7;0.7.4: res=C:\Dokumente und Einstellungen\Det\.ivy2\local\org.scala-tools.sbt\classpath_2.7.7\0.7.4\ivys\ivy.xml
	 trying C:\Dokumente und Einstellungen\Det\.ivy2/local/org.scala-tools.sbt/classpath_2.7.7/0.7.4/jars/classpath_2.7.7.jar
		tried C:\Dokumente und Einstellungen\Det\.ivy2/local/org.scala-tools.sbt/classpath_2.7.7/0.7.4/jars/classpath_2.7.7.jar
	local: resource not reachable for org.scala-tools.sbt#classpath_2.7.7;0.7.4: res=C:\Dokumente und Einstellungen\Det\.ivy2\local\org.scala-tools.sbt\classpath_2.7.7\0.7.4\jars\classpath_2.7.7.jar
	local: no ivy file nor artifact found for org.scala-tools.sbt#classpath_2.7.7;0.7.4
	no ivy file in cache for org.scala-tools.sbt#classpath_2.7.7;0.7.4: tried C:\Dokumente und Einstellungen\Det\.ivy2\cache\org.scala-tools.sbt\classpath_2.7.7\ivy-0.7.4.xml
	 trying file://C:\Dokumente und Einstellungen\Det/.m2/repository/org/scala-tools/sbt/classpath_2.7.7/0.7.4/classpath_2.7.7-0.7.4.pom
		tried file://C:\Dokumente und Einstellungen\Det/.m2/repository/org/scala-tools/sbt/classpath_2.7.7/0.7.4/classpath_2.7.7-0.7.4.pom
	Maven2 Local: resource not reachable for org/scala-tools/sbt#classpath_2.7.7;0.7.4: res=file://C:/Dokumente und Einstellungen/Det/.m2/repository/org/scala-tools/sbt/classpath_2.7.7/0.7.4/classpath_2.7.7-0.7.4.pom
	 trying file://C:\Dokumente und Einstellungen\Det/.m2/repository/org/scala-tools/sbt/classpath_2.7.7/0.7.4/classpath_2.7.7-0.7.4.jar
		tried file://C:\Dokumente und Einstellungen\Det/.m2/repository/org/scala-tools/sbt/classpath_2.7.7/0.7.4/classpath_2.7.7-0.7.4.jar
	Maven2 Local: resource not reachable for org/scala-tools/sbt#classpath_2.7.7;0.7.4: res=file://C:/Dokumente und Einstellungen/Det/.m2/repository/org/scala-tools/sbt/classpath_2.7.7/0.7.4/classpath_2.7.7-0.7.4.jar
	Maven2 Local: no ivy file nor artifact found for org.scala-tools.sbt#classpath_2.7.7;0.7.4
	no ivy file in cache for org.scala-tools.sbt#classpath_2.7.7;0.7.4: tried C:\Dokumente und Einstellungen\Det\.ivy2\cache\org.scala-tools.sbt\classpath_2.7.7\ivy-0.7.4.xml
	 trying http://databinder.net/repo/org.scala-tools.sbt/classpath_2.7.7/0.7.4/ivys/ivy.xml
		tried http://databinder.net/repo/org.scala-tools.sbt/classpath_2.7.7/0.7.4/ivys/ivy.xml
	sbt-db: found md file for org.scala-tools.sbt#classpath_2.7.7;0.7.4
		=> http://databinder.net/repo/org.scala-tools.sbt/classpath_2.7.7/0.7.4/ivys/ivy.xml (0.7.4)
	parser = ivy parser
	no ivy file in cache for org.scala-tools.sbt#classpath_2.7.7;0.7.4: tried C:\Dokumente und Einstellungen\Det\.ivy2\cache\org.scala-tools.sbt\classpath_2.7.7\ivy-0.7.4.xml
downloading http://databinder.net/repo/org.scala-tools.sbt/classpath_2.7.7/0.7.4/ivys/ivy.xml ...
	sbt-db: downloading http://databinder.net/repo/org.scala-tools.sbt/classpath_2.7.7/0.7.4/ivys/ivy.xml
		to C:\Dokumente und Einstellungen\Det\.ivy2\cache\org.scala-tools.sbt\classpath_2.7.7\ivy-0.7.4.xml.original.part
	[SUCCESSFUL ] org.scala-tools.sbt#classpath_2.7.7;0.7.4!ivy.xml(ivy.original) (172ms)
pre 1.3 ivy file: using exactOrRegexp as default matcher
	default-cache: parsed downloaded md file for org.scala-tools.sbt#classpath_2.7.7;0.7.4; parsed=org.scala-tools.sbt#classpath_2.7.7;0.7.4
	checking org.scala-tools.sbt#classpath_2.7.7;0.7.4 from sbt-db against [none]
	module revision kept as first found: org.scala-tools.sbt#classpath_2.7.7;0.7.4 from sbt-db
	found org.scala-tools.sbt#classpath_2.7.7;0.7.4 in sbt-db
== resolving dependencies org.scala-tools.sbt#compile_2.7.7;0.7.4->org.scala-tools.sbt#compiler-interface;0.7.4 [default->default(compile)]
excluding dependency: org.scala-lang#scala-library;2.7.7 {default=[default(compile)]} in default
excluding dependency: org.scala-lang#scala-compiler;2.7.7 {default=[default(compile)]} in default
loadData of org.scala-tools.sbt#compiler-interface;0.7.4 of rootConf=default
	using redefined-public to resolve org.scala-tools.sbt#compiler-interface;0.7.4
redefined-public: Checking cache for: dependency: org.scala-tools.sbt#compiler-interface;0.7.4 {default=[default(compile)]}
	no ivy file in cache for org.scala-tools.sbt#compiler-interface;0.7.4: tried C:\Dokumente und Einstellungen\Det\.ivy2\cache\org.scala-tools.sbt\compiler-interface\ivy-0.7.4.xml
	no ivy file in cache for org.scala-tools.sbt#compiler-interface;0.7.4: tried C:\Dokumente und Einstellungen\Det\.ivy2\cache\org.scala-tools.sbt\compiler-interface\ivy-0.7.4.xml
	 trying C:\Dokumente und Einstellungen\Det\.ivy2/local/org.scala-tools.sbt/compiler-interface/0.7.4/ivys/ivy.xml
		tried C:\Dokumente und Einstellungen\Det\.ivy2/local/org.scala-tools.sbt/compiler-interface/0.7.4/ivys/ivy.xml
	local: resource not reachable for org.scala-tools.sbt#compiler-interface;0.7.4: res=C:\Dokumente und Einstellungen\Det\.ivy2\local\org.scala-tools.sbt\compiler-interface\0.7.4\ivys\ivy.xml
	 trying C:\Dokumente und Einstellungen\Det\.ivy2/local/org.scala-tools.sbt/compiler-interface/0.7.4/jars/compiler-interface.jar
		tried C:\Dokumente und Einstellungen\Det\.ivy2/local/org.scala-tools.sbt/compiler-interface/0.7.4/jars/compiler-interface.jar
	local: resource not reachable for org.scala-tools.sbt#compiler-interface;0.7.4: res=C:\Dokumente und Einstellungen\Det\.ivy2\local\org.scala-tools.sbt\compiler-interface\0.7.4\jars\compiler-interface.jar
	local: no ivy file nor artifact found for org.scala-tools.sbt#compiler-interface;0.7.4
	no ivy file in cache for org.scala-tools.sbt#compiler-interface;0.7.4: tried C:\Dokumente und Einstellungen\Det\.ivy2\cache\org.scala-tools.sbt\compiler-interface\ivy-0.7.4.xml
	 trying file://C:\Dokumente und Einstellungen\Det/.m2/repository/org/scala-tools/sbt/compiler-interface/0.7.4/compiler-interface-0.7.4.pom
		tried file://C:\Dokumente und Einstellungen\Det/.m2/repository/org/scala-tools/sbt/compiler-interface/0.7.4/compiler-interface-0.7.4.pom
	Maven2 Local: resource not reachable for org/scala-tools/sbt#compiler-interface;0.7.4: res=file://C:/Dokumente und Einstellungen/Det/.m2/repository/org/scala-tools/sbt/compiler-interface/0.7.4/compiler-interface-0.7.4.pom
	 trying file://C:\Dokumente und Einstellungen\Det/.m2/repository/org/scala-tools/sbt/compiler-interface/0.7.4/compiler-interface-0.7.4.jar
		tried file://C:\Dokumente und Einstellungen\Det/.m2/repository/org/scala-tools/sbt/compiler-interface/0.7.4/compiler-interface-0.7.4.jar
	Maven2 Local: resource not reachable for org/scala-tools/sbt#compiler-interface;0.7.4: res=file://C:/Dokumente und Einstellungen/Det/.m2/repository/org/scala-tools/sbt/compiler-interface/0.7.4/compiler-interface-0.7.4.jar
	Maven2 Local: no ivy file nor artifact found for org.scala-tools.sbt#compiler-interface;0.7.4
	no ivy file in cache for org.scala-tools.sbt#compiler-interface;0.7.4: tried C:\Dokumente und Einstellungen\Det\.ivy2\cache\org.scala-tools.sbt\compiler-interface\ivy-0.7.4.xml
	 trying http://databinder.net/repo/org.scala-tools.sbt/compiler-interface/0.7.4/ivys/ivy.xml
		tried http://databinder.net/repo/org.scala-tools.sbt/compiler-interface/0.7.4/ivys/ivy.xml
	sbt-db: found md file for org.scala-tools.sbt#compiler-interface;0.7.4
		=> http://databinder.net/repo/org.scala-tools.sbt/compiler-interface/0.7.4/ivys/ivy.xml (0.7.4)
	parser = ivy parser
	no ivy file in cache for org.scala-tools.sbt#compiler-interface;0.7.4: tried C:\Dokumente und Einstellungen\Det\.ivy2\cache\org.scala-tools.sbt\compiler-interface\ivy-0.7.4.xml
downloading http://databinder.net/repo/org.scala-tools.sbt/compiler-interface/0.7.4/ivys/ivy.xml ...
	sbt-db: downloading http://databinder.net/repo/org.scala-tools.sbt/compiler-interface/0.7.4/ivys/ivy.xml
		to C:\Dokumente und Einstellungen\Det\.ivy2\cache\org.scala-tools.sbt\compiler-interface\ivy-0.7.4.xml.original.part
	[SUCCESSFUL ] org.scala-tools.sbt#compiler-interface;0.7.4!ivy.xml(ivy.original) (172ms)
pre 1.3 ivy file: using exactOrRegexp as default matcher
	default-cache: parsed downloaded md file for org.scala-tools.sbt#compiler-interface;0.7.4; parsed=org.scala-tools.sbt#compiler-interface;0.7.4
	checking org.scala-tools.sbt#compiler-interface;0.7.4 from sbt-db against [none]
	module revision kept as first found: org.scala-tools.sbt#compiler-interface;0.7.4 from sbt-db
	found org.scala-tools.sbt#compiler-interface;0.7.4 in sbt-db
== resolving dependencies org.scala-tools.sbt#compiler-interface;0.7.4->jline#jline;0.9.94 [default->default(compile)]
excluding dependency: org.scala-lang#scala-library;2.7.7 {default=[default(compile)]} in default
excluding dependency: org.scala-lang#scala-compiler;2.7.7 {default=[default(compile)]} in default
loadData of jline#jline;0.9.94 of rootConf=default
	using redefined-public to resolve jline#jline;0.9.94
redefined-public: Checking cache for: dependency: jline#jline;0.9.94 {default=[default(compile)]}
No entry is found in the ModuleDescriptorCache : C:\Dokumente und Einstellungen\Det\.ivy2\cache\jline\jline\ivy-0.9.94.xml
pre 1.3 ivy file: using exactOrRegexp as default matcher
	found ivy file in cache for jline#jline;0.9.94 (resolved by Maven Central): C:\Dokumente und Einstellungen\Det\.ivy2\cache\jline\jline\ivy-0.9.94.xml
redefined-public: module revision found in cache: jline#jline;0.9.94
	found jline#jline;0.9.94 in Maven Central
== resolving dependencies org.scala-tools.sbt#compiler-interface;0.7.4->jline#jline;0.9.94 [default->runtime]
loadData of jline#jline;0.9.94 of rootConf=default
== resolving dependencies org.scala-tools.sbt#compiler-interface;0.7.4->jline#jline;0.9.94 [default->compile]
loadData of jline#jline;0.9.94 of rootConf=default
== resolving dependencies org.scala-tools.sbt#compiler-interface;0.7.4->jline#jline;0.9.94 [default->master]
loadData of jline#jline;0.9.94 of rootConf=default
== resolving dependencies org.scala-tools.sbt#compiler-interface;0.7.4->org.scala-tools.sbt#interface;0.7.4 [default->default(compile)]
loadData of org.scala-tools.sbt#interface;0.7.4 of rootConf=default
default is loaded and no conf to load.  Skip loading
== resolving dependencies org.scala-tools.sbt#compiler-interface;0.7.4->org.scala-tools.sbt#precompiled-2.8.0.rc2_2.8.0.RC2;0.7.4 [default->default(compile)]
excluding dependency: org.scala-lang#scala-library;2.7.7 {default=[default(compile)]} in default
excluding dependency: org.scala-lang#scala-compiler;2.7.7 {default=[default(compile)]} in default
loadData of org.scala-tools.sbt#precompiled-2.8.0.rc2_2.8.0.RC2;0.7.4 of rootConf=default
	using redefined-public to resolve org.scala-tools.sbt#precompiled-2.8.0.rc2_2.8.0.RC2;0.7.4
redefined-public: Checking cache for: dependency: org.scala-tools.sbt#precompiled-2.8.0.rc2_2.8.0.RC2;0.7.4 {default=[default(compile)]}
	no ivy file in cache for org.scala-tools.sbt#precompiled-2.8.0.rc2_2.8.0.RC2;0.7.4: tried C:\Dokumente und Einstellungen\Det\.ivy2\cache\org.scala-tools.sbt\precompiled-2.8.0.rc2_2.8.0.RC2\ivy-0.7.4.xml
	no ivy file in cache for org.scala-tools.sbt#precompiled-2.8.0.rc2_2.8.0.RC2;0.7.4: tried C:\Dokumente und Einstellungen\Det\.ivy2\cache\org.scala-tools.sbt\precompiled-2.8.0.rc2_2.8.0.RC2\ivy-0.7.4.xml
	 trying C:\Dokumente und Einstellungen\Det\.ivy2/local/org.scala-tools.sbt/precompiled-2.8.0.rc2_2.8.0.RC2/0.7.4/ivys/ivy.xml
		tried C:\Dokumente und Einstellungen\Det\.ivy2/local/org.scala-tools.sbt/precompiled-2.8.0.rc2_2.8.0.RC2/0.7.4/ivys/ivy.xml
	local: resource not reachable for org.scala-tools.sbt#precompiled-2.8.0.rc2_2.8.0.RC2;0.7.4: res=C:\Dokumente und Einstellungen\Det\.ivy2\local\org.scala-tools.sbt\precompiled-2.8.0.rc2_2.8.0.RC2\0.7.4\ivys\ivy.xml
	 trying C:\Dokumente und Einstellungen\Det\.ivy2/local/org.scala-tools.sbt/precompiled-2.8.0.rc2_2.8.0.RC2/0.7.4/jars/precompiled-2.8.0.rc2_2.8.0.RC2.jar
		tried C:\Dokumente und Einstellungen\Det\.ivy2/local/org.scala-tools.sbt/precompiled-2.8.0.rc2_2.8.0.RC2/0.7.4/jars/precompiled-2.8.0.rc2_2.8.0.RC2.jar
	local: resource not reachable for org.scala-tools.sbt#precompiled-2.8.0.rc2_2.8.0.RC2;0.7.4: res=C:\Dokumente und Einstellungen\Det\.ivy2\local\org.scala-tools.sbt\precompiled-2.8.0.rc2_2.8.0.RC2\0.7.4\jars\precompiled-2.8.0.rc2_2.8.0.RC2.jar
	local: no ivy file nor artifact found for org.scala-tools.sbt#precompiled-2.8.0.rc2_2.8.0.RC2;0.7.4
	no ivy file in cache for org.scala-tools.sbt#precompiled-2.8.0.rc2_2.8.0.RC2;0.7.4: tried C:\Dokumente und Einstellungen\Det\.ivy2\cache\org.scala-tools.sbt\precompiled-2.8.0.rc2_2.8.0.RC2\ivy-0.7.4.xml
	 trying file://C:\Dokumente und Einstellungen\Det/.m2/repository/org/scala-tools/sbt/precompiled-2.8.0.rc2_2.8.0.RC2/0.7.4/precompiled-2.8.0.rc2_2.8.0.RC2-0.7.4.pom
		tried file://C:\Dokumente und Einstellungen\Det/.m2/repository/org/scala-tools/sbt/precompiled-2.8.0.rc2_2.8.0.RC2/0.7.4/precompiled-2.8.0.rc2_2.8.0.RC2-0.7.4.pom
	Maven2 Local: resource not reachable for org/scala-tools/sbt#precompiled-2.8.0.rc2_2.8.0.RC2;0.7.4: res=file://C:/Dokumente und Einstellungen/Det/.m2/repository/org/scala-tools/sbt/precompiled-2.8.0.rc2_2.8.0.RC2/0.7.4/precompiled-2.8.0.rc2_2.8.0.RC2-0.7.4.pom
	 trying file://C:\Dokumente und Einstellungen\Det/.m2/repository/org/scala-tools/sbt/precompiled-2.8.0.rc2_2.8.0.RC2/0.7.4/precompiled-2.8.0.rc2_2.8.0.RC2-0.7.4.jar
		tried file://C:\Dokumente und Einstellungen\Det/.m2/repository/org/scala-tools/sbt/precompiled-2.8.0.rc2_2.8.0.RC2/0.7.4/precompiled-2.8.0.rc2_2.8.0.RC2-0.7.4.jar
	Maven2 Local: resource not reachable for org/scala-tools/sbt#precompiled-2.8.0.rc2_2.8.0.RC2;0.7.4: res=file://C:/Dokumente und Einstellungen/Det/.m2/repository/org/scala-tools/sbt/precompiled-2.8.0.rc2_2.8.0.RC2/0.7.4/precompiled-2.8.0.rc2_2.8.0.RC2-0.7.4.jar
	Maven2 Local: no ivy file nor artifact found for org.scala-tools.sbt#precompiled-2.8.0.rc2_2.8.0.RC2;0.7.4
	no ivy file in cache for org.scala-tools.sbt#precompiled-2.8.0.rc2_2.8.0.RC2;0.7.4: tried C:\Dokumente und Einstellungen\Det\.ivy2\cache\org.scala-tools.sbt\precompiled-2.8.0.rc2_2.8.0.RC2\ivy-0.7.4.xml
	 trying http://databinder.net/repo/org.scala-tools.sbt/precompiled-2.8.0.rc2_2.8.0.RC2/0.7.4/ivys/ivy.xml
		tried http://databinder.net/repo/org.scala-tools.sbt/precompiled-2.8.0.rc2_2.8.0.RC2/0.7.4/ivys/ivy.xml
	sbt-db: found md file for org.scala-tools.sbt#precompiled-2.8.0.rc2_2.8.0.RC2;0.7.4
		=> http://databinder.net/repo/org.scala-tools.sbt/precompiled-2.8.0.rc2_2.8.0.RC2/0.7.4/ivys/ivy.xml (0.7.4)
	parser = ivy parser
	no ivy file in cache for org.scala-tools.sbt#precompiled-2.8.0.rc2_2.8.0.RC2;0.7.4: tried C:\Dokumente und Einstellungen\Det\.ivy2\cache\org.scala-tools.sbt\precompiled-2.8.0.rc2_2.8.0.RC2\ivy-0.7.4.xml
downloading http://databinder.net/repo/org.scala-tools.sbt/precompiled-2.8.0.rc2_2.8.0.RC2/0.7.4/ivys/ivy.xml ...
	sbt-db: downloading http://databinder.net/repo/org.scala-tools.sbt/precompiled-2.8.0.rc2_2.8.0.RC2/0.7.4/ivys/ivy.xml
		to C:\Dokumente und Einstellungen\Det\.ivy2\cache\org.scala-tools.sbt\precompiled-2.8.0.rc2_2.8.0.RC2\ivy-0.7.4.xml.original.part
	[SUCCESSFUL ] org.scala-tools.sbt#precompiled-2.8.0.rc2_2.8.0.RC2;0.7.4!ivy.xml(ivy.original) (172ms)
pre 1.3 ivy file: using exactOrRegexp as default matcher
	default-cache: parsed downloaded md file for org.scala-tools.sbt#precompiled-2.8.0.rc2_2.8.0.RC2;0.7.4; parsed=org.scala-tools.sbt#precompiled-2.8.0.rc2_2.8.0.RC2;0.7.4
	checking org.scala-tools.sbt#precompiled-2.8.0.rc2_2.8.0.RC2;0.7.4 from sbt-db against [none]
	module revision kept as first found: org.scala-tools.sbt#precompiled-2.8.0.rc2_2.8.0.RC2;0.7.4 from sbt-db
	found org.scala-tools.sbt#precompiled-2.8.0.rc2_2.8.0.RC2;0.7.4 in sbt-db
== resolving dependencies org.scala-tools.sbt#precompiled-2.8.0.rc2_2.8.0.RC2;0.7.4->org.scala-tools.sbt#interface;0.7.4 [default->default(compile)]
loadData of org.scala-tools.sbt#interface;0.7.4 of rootConf=default
default is loaded and no conf to load.  Skip loading
== resolving dependencies org.scala-tools.sbt#sbt_2.7.7;0.7.4->org.scala-tools.sbt#launcher-interface;0.7.4 [default->default(compile)]
loadData of org.scala-tools.sbt#launcher-interface;0.7.4 of rootConf=default
default is loaded and no conf to load.  Skip loading
Nbr of module to sort : 14
Sort dependencies of : org.scala-tools.sbt#sbt_2.7.7;0.7.4 / Number of dependencies = 10
Sort dependencies of : com.jcraft#jsch;0.1.31 / Number of dependencies = 1
Sort done for : com.jcraft#jsch;0.1.31
Sort dependencies of : org.scala-tools.testing#test-interface;0.5 / Number of dependencies = 0
Sort done for : org.scala-tools.testing#test-interface;0.5
Sort dependencies of : org.apache.ivy#ivy;2.1.0 / Number of dependencies = 13
Module descriptor is processed : com.jcraft#jsch;0.1.31
Sort done for : org.apache.ivy#ivy;2.1.0
Sort dependencies of : org.scala-tools.sbt#compile_2.7.7;0.7.4 / Number of dependencies = 6
Sort dependencies of : org.scala-tools.sbt#launcher-interface;0.7.4 / Number of dependencies = 0
Sort done for : org.scala-tools.sbt#launcher-interface;0.7.4
Sort dependencies of : org.scala-tools.sbt#interface;0.7.4 / Number of dependencies = 0
Sort done for : org.scala-tools.sbt#interface;0.7.4
Sort dependencies of : org.scala-tools.sbt#ivy_2.7.7;0.7.4 / Number of dependencies = 3
Module descriptor is processed : org.apache.ivy#ivy;2.1.0
Module descriptor is processed : org.scala-tools.sbt#interface;0.7.4
Module descriptor is processed : org.scala-tools.sbt#launcher-interface;0.7.4
Sort done for : org.scala-tools.sbt#ivy_2.7.7;0.7.4
Sort dependencies of : org.scala-tools.sbt#io_2.7.7;0.7.4 / Number of dependencies = 1
Sort dependencies of : org.scala-tools.sbt#control_2.7.7;0.7.4 / Number of dependencies = 0
Sort done for : org.scala-tools.sbt#control_2.7.7;0.7.4
Sort done for : org.scala-tools.sbt#io_2.7.7;0.7.4
Sort dependencies of : org.scala-tools.sbt#classpath_2.7.7;0.7.4 / Number of dependencies = 0
Sort done for : org.scala-tools.sbt#classpath_2.7.7;0.7.4
Sort dependencies of : org.scala-tools.sbt#compiler-interface;0.7.4 / Number of dependencies = 3
Sort dependencies of : jline#jline;0.9.94 / Number of dependencies = 1
Sort done for : jline#jline;0.9.94
Module descriptor is processed : org.scala-tools.sbt#interface;0.7.4
Sort dependencies of : org.scala-tools.sbt#precompiled-2.8.0.rc2_2.8.0.RC2;0.7.4 / Number of dependencies = 1
Module descriptor is processed : org.scala-tools.sbt#interface;0.7.4
Sort done for : org.scala-tools.sbt#precompiled-2.8.0.rc2_2.8.0.RC2;0.7.4
Sort done for : org.scala-tools.sbt#compiler-interface;0.7.4
Sort done for : org.scala-tools.sbt#compile_2.7.7;0.7.4
Module descriptor is processed : org.scala-tools.sbt#launcher-interface;0.7.4
Sort done for : org.scala-tools.sbt#sbt_2.7.7;0.7.4
Module descriptor is processed : com.jcraft#jsch;0.1.31
Module descriptor is processed : org.scala-tools.testing#test-interface;0.5
Module descriptor is processed : org.apache.ivy#ivy;2.1.0
Module descriptor is processed : org.scala-tools.sbt#compile_2.7.7;0.7.4
Module descriptor is processed : org.scala-tools.sbt#launcher-interface;0.7.4
Module descriptor is processed : org.scala-tools.sbt#interface;0.7.4
Module descriptor is processed : org.scala-tools.sbt#ivy_2.7.7;0.7.4
Module descriptor is processed : org.scala-tools.sbt#io_2.7.7;0.7.4
Module descriptor is processed : org.scala-tools.sbt#classpath_2.7.7;0.7.4
Module descriptor is processed : org.scala-tools.sbt#compiler-interface;0.7.4
Module descriptor is processed : org.scala-tools.sbt#control_2.7.7;0.7.4
Module descriptor is processed : jline#jline;0.9.94
Module descriptor is processed : org.scala-tools.sbt#precompiled-2.8.0.rc2_2.8.0.RC2;0.7.4
	resolved ivy file produced in C:\Dokumente und Einstellungen\Det\.ivy2\cache\resolved-org.scala-tools.sbt-boot-app-1.0.xml
:: downloading artifacts ::
	 trying http://databinder.net/repo/org.scala-tools.sbt/sbt_2.7.7/0.7.4/jars/sbt_2.7.7.jar
		tried http://databinder.net/repo/org.scala-tools.sbt/sbt_2.7.7/0.7.4/jars/sbt_2.7.7.jar
downloading http://databinder.net/repo/org.scala-tools.sbt/sbt_2.7.7/0.7.4/jars/sbt_2.7.7.jar ...
	sbt-db: downloading http://databinder.net/repo/org.scala-tools.sbt/sbt_2.7.7/0.7.4/jars/sbt_2.7.7.jar
		to C:\Dokumente und Einstellungen\Det\.ivy2\cache\org.scala-tools.sbt\sbt_2.7.7\jars\sbt_2.7.7-0.7.4.jar.part
	[SUCCESSFUL ] org.scala-tools.sbt#sbt_2.7.7;0.7.4!sbt_2.7.7.jar (22219ms)
	[NOT REQUIRED] com.jcraft#jsch;0.1.31!jsch.jar
	[NOT REQUIRED] org.scala-tools.testing#test-interface;0.5!test-interface.jar
	[NOT REQUIRED] org.apache.ivy#ivy;2.1.0!ivy.jar
	 trying http://databinder.net/repo/org.scala-tools.sbt/compile_2.7.7/0.7.4/jars/compile_2.7.7.jar
		tried http://databinder.net/repo/org.scala-tools.sbt/compile_2.7.7/0.7.4/jars/compile_2.7.7.jar
downloading http://databinder.net/repo/org.scala-tools.sbt/compile_2.7.7/0.7.4/jars/compile_2.7.7.jar ...
	sbt-db: downloading http://databinder.net/repo/org.scala-tools.sbt/compile_2.7.7/0.7.4/jars/compile_2.7.7.jar
		to C:\Dokumente und Einstellungen\Det\.ivy2\cache\org.scala-tools.sbt\compile_2.7.7\jars\compile_2.7.7-0.7.4.jar.part
	[SUCCESSFUL ] org.scala-tools.sbt#compile_2.7.7;0.7.4!compile_2.7.7.jar (735ms)
	 trying http://databinder.net/repo/org.scala-tools.sbt/launcher-interface/0.7.4/jars/launcher-interface.jar
		tried http://databinder.net/repo/org.scala-tools.sbt/launcher-interface/0.7.4/jars/launcher-interface.jar
downloading http://databinder.net/repo/org.scala-tools.sbt/launcher-interface/0.7.4/jars/launcher-interface.jar ...
	sbt-db: downloading http://databinder.net/repo/org.scala-tools.sbt/launcher-interface/0.7.4/jars/launcher-interface.jar
		to C:\Dokumente und Einstellungen\Det\.ivy2\cache\org.scala-tools.sbt\launcher-interface\jars\launcher-interface-0.7.4.jar.part
	[SUCCESSFUL ] org.scala-tools.sbt#launcher-interface;0.7.4!launcher-interface.jar (312ms)
	 trying http://databinder.net/repo/org.scala-tools.sbt/interface/0.7.4/jars/interface.jar
		tried http://databinder.net/repo/org.scala-tools.sbt/interface/0.7.4/jars/interface.jar
downloading http://databinder.net/repo/org.scala-tools.sbt/interface/0.7.4/jars/interface.jar ...
	sbt-db: downloading http://databinder.net/repo/org.scala-tools.sbt/interface/0.7.4/jars/interface.jar
		to C:\Dokumente und Einstellungen\Det\.ivy2\cache\org.scala-tools.sbt\interface\jars\interface-0.7.4.jar.part
	[SUCCESSFUL ] org.scala-tools.sbt#interface;0.7.4!interface.jar (594ms)
	 trying http://databinder.net/repo/org.scala-tools.sbt/ivy_2.7.7/0.7.4/jars/ivy_2.7.7.jar
		tried http://databinder.net/repo/org.scala-tools.sbt/ivy_2.7.7/0.7.4/jars/ivy_2.7.7.jar
downloading http://databinder.net/repo/org.scala-tools.sbt/ivy_2.7.7/0.7.4/jars/ivy_2.7.7.jar ...
	sbt-db: downloading http://databinder.net/repo/org.scala-tools.sbt/ivy_2.7.7/0.7.4/jars/ivy_2.7.7.jar
		to C:\Dokumente und Einstellungen\Det\.ivy2\cache\org.scala-tools.sbt\ivy_2.7.7\jars\ivy_2.7.7-0.7.4.jar.part
	[SUCCESSFUL ] org.scala-tools.sbt#ivy_2.7.7;0.7.4!ivy_2.7.7.jar (2531ms)
	 trying http://databinder.net/repo/org.scala-tools.sbt/io_2.7.7/0.7.4/jars/io_2.7.7.jar
		tried http://databinder.net/repo/org.scala-tools.sbt/io_2.7.7/0.7.4/jars/io_2.7.7.jar
downloading http://databinder.net/repo/org.scala-tools.sbt/io_2.7.7/0.7.4/jars/io_2.7.7.jar ...
	sbt-db: downloading http://databinder.net/repo/org.scala-tools.sbt/io_2.7.7/0.7.4/jars/io_2.7.7.jar
		to C:\Dokumente und Einstellungen\Det\.ivy2\cache\org.scala-tools.sbt\io_2.7.7\jars\io_2.7.7-0.7.4.jar.part
	[SUCCESSFUL ] org.scala-tools.sbt#io_2.7.7;0.7.4!io_2.7.7.jar (1734ms)
	 trying http://databinder.net/repo/org.scala-tools.sbt/classpath_2.7.7/0.7.4/jars/classpath_2.7.7.jar
		tried http://databinder.net/repo/org.scala-tools.sbt/classpath_2.7.7/0.7.4/jars/classpath_2.7.7.jar
downloading http://databinder.net/repo/org.scala-tools.sbt/classpath_2.7.7/0.7.4/jars/classpath_2.7.7.jar ...
	sbt-db: downloading http://databinder.net/repo/org.scala-tools.sbt/classpath_2.7.7/0.7.4/jars/classpath_2.7.7.jar
		to C:\Dokumente und Einstellungen\Det\.ivy2\cache\org.scala-tools.sbt\classpath_2.7.7\jars\classpath_2.7.7-0.7.4.jar.part
	[SUCCESSFUL ] org.scala-tools.sbt#classpath_2.7.7;0.7.4!classpath_2.7.7.jar (360ms)
	 trying http://databinder.net/repo/org.scala-tools.sbt/compiler-interface/0.7.4/jars/compiler-interface-src.jar
		tried http://databinder.net/repo/org.scala-tools.sbt/compiler-interface/0.7.4/jars/compiler-interface-src.jar
downloading http://databinder.net/repo/org.scala-tools.sbt/compiler-interface/0.7.4/jars/compiler-interface-src.jar ...
	sbt-db: downloading http://databinder.net/repo/org.scala-tools.sbt/compiler-interface/0.7.4/jars/compiler-interface-src.jar
		to C:\Dokumente und Einstellungen\Det\.ivy2\cache\org.scala-tools.sbt\compiler-interface\jars\compiler-interface-src-0.7.4.jar.part
	[SUCCESSFUL ] org.scala-tools.sbt#compiler-interface;0.7.4!compiler-interface-src.jar (516ms)
	 trying http://databinder.net/repo/org.scala-tools.sbt/compiler-interface/0.7.4/jars/compiler-interface-bin.jar
		tried http://databinder.net/repo/org.scala-tools.sbt/compiler-interface/0.7.4/jars/compiler-interface-bin.jar
downloading http://databinder.net/repo/org.scala-tools.sbt/compiler-interface/0.7.4/jars/compiler-interface-bin.jar ...
	sbt-db: downloading http://databinder.net/repo/org.scala-tools.sbt/compiler-interface/0.7.4/jars/compiler-interface-bin.jar
		to C:\Dokumente und Einstellungen\Det\.ivy2\cache\org.scala-tools.sbt\compiler-interface\jars\compiler-interface-bin-0.7.4.jar.part
	[SUCCESSFUL ] org.scala-tools.sbt#compiler-interface;0.7.4!compiler-interface-bin.jar (1250ms)
	 trying http://databinder.net/repo/org.scala-tools.sbt/control_2.7.7/0.7.4/jars/control_2.7.7.jar
		tried http://databinder.net/repo/org.scala-tools.sbt/control_2.7.7/0.7.4/jars/control_2.7.7.jar
downloading http://databinder.net/repo/org.scala-tools.sbt/control_2.7.7/0.7.4/jars/control_2.7.7.jar ...
	sbt-db: downloading http://databinder.net/repo/org.scala-tools.sbt/control_2.7.7/0.7.4/jars/control_2.7.7.jar
		to C:\Dokumente und Einstellungen\Det\.ivy2\cache\org.scala-tools.sbt\control_2.7.7\jars\control_2.7.7-0.7.4.jar.part
	[SUCCESSFUL ] org.scala-tools.sbt#control_2.7.7;0.7.4!control_2.7.7.jar (344ms)
	[NOT REQUIRED] jline#jline;0.9.94!jline.jar
	 trying http://databinder.net/repo/org.scala-tools.sbt/precompiled-2.8.0.rc2_2.8.0.RC2/0.7.4/jars/compiler-interface-bin.jar
		tried http://databinder.net/repo/org.scala-tools.sbt/precompiled-2.8.0.rc2_2.8.0.RC2/0.7.4/jars/compiler-interface-bin.jar
downloading http://databinder.net/repo/org.scala-tools.sbt/precompiled-2.8.0.rc2_2.8.0.RC2/0.7.4/jars/compiler-interface-bin.jar ...
	sbt-db: downloading http://databinder.net/repo/org.scala-tools.sbt/precompiled-2.8.0.rc2_2.8.0.RC2/0.7.4/jars/compiler-interface-bin.jar
		to C:\Dokumente und Einstellungen\Det\.ivy2\cache\org.scala-tools.sbt\precompiled-2.8.0.rc2_2.8.0.RC2\jars\compiler-interface-bin-0.7.4.jar.part
	[SUCCESSFUL ] org.scala-tools.sbt#precompiled-2.8.0.rc2_2.8.0.RC2;0.7.4!compiler-interface-bin.jar (1265ms)
:: resolution report :: resolve 23031ms :: artifacts dl 31937ms
Nbr of module to sort : 14
Sort dependencies of : org.scala-tools.sbt#sbt_2.7.7;0.7.4 / Number of dependencies = 10
Sort dependencies of : com.jcraft#jsch;0.1.31 / Number of dependencies = 1
Sort done for : com.jcraft#jsch;0.1.31
Sort dependencies of : org.scala-tools.testing#test-interface;0.5 / Number of dependencies = 0
Sort done for : org.scala-tools.testing#test-interface;0.5
Sort dependencies of : org.apache.ivy#ivy;2.1.0 / Number of dependencies = 13
Module descriptor is processed : com.jcraft#jsch;0.1.31
Sort done for : org.apache.ivy#ivy;2.1.0
Sort dependencies of : org.scala-tools.sbt#compile_2.7.7;0.7.4 / Number of dependencies = 6
Sort dependencies of : org.scala-tools.sbt#launcher-interface;0.7.4 / Number of dependencies = 0
Sort done for : org.scala-tools.sbt#launcher-interface;0.7.4
Sort dependencies of : org.scala-tools.sbt#interface;0.7.4 / Number of dependencies = 0
Sort done for : org.scala-tools.sbt#interface;0.7.4
Sort dependencies of : org.scala-tools.sbt#ivy_2.7.7;0.7.4 / Number of dependencies = 3
Module descriptor is processed : org.apache.ivy#ivy;2.1.0
Module descriptor is processed : org.scala-tools.sbt#interface;0.7.4
Module descriptor is processed : org.scala-tools.sbt#launcher-interface;0.7.4
Sort done for : org.scala-tools.sbt#ivy_2.7.7;0.7.4
Sort dependencies of : org.scala-tools.sbt#io_2.7.7;0.7.4 / Number of dependencies = 1
Sort dependencies of : org.scala-tools.sbt#control_2.7.7;0.7.4 / Number of dependencies = 0
Sort done for : org.scala-tools.sbt#control_2.7.7;0.7.4
Sort done for : org.scala-tools.sbt#io_2.7.7;0.7.4
Sort dependencies of : org.scala-tools.sbt#classpath_2.7.7;0.7.4 / Number of dependencies = 0
Sort done for : org.scala-tools.sbt#classpath_2.7.7;0.7.4
Sort dependencies of : org.scala-tools.sbt#compiler-interface;0.7.4 / Number of dependencies = 3
Sort dependencies of : jline#jline;0.9.94 / Number of dependencies = 1
Sort done for : jline#jline;0.9.94
Module descriptor is processed : org.scala-tools.sbt#interface;0.7.4
Sort dependencies of : org.scala-tools.sbt#precompiled-2.8.0.rc2_2.8.0.RC2;0.7.4 / Number of dependencies = 1
Module descriptor is processed : org.scala-tools.sbt#interface;0.7.4
Sort done for : org.scala-tools.sbt#precompiled-2.8.0.rc2_2.8.0.RC2;0.7.4
Sort done for : org.scala-tools.sbt#compiler-interface;0.7.4
Sort done for : org.scala-tools.sbt#compile_2.7.7;0.7.4
Module descriptor is processed : org.scala-tools.sbt#launcher-interface;0.7.4
Sort done for : org.scala-tools.sbt#sbt_2.7.7;0.7.4
Module descriptor is processed : com.jcraft#jsch;0.1.31
Module descriptor is processed : org.scala-tools.testing#test-interface;0.5
Module descriptor is processed : org.apache.ivy#ivy;2.1.0
Module descriptor is processed : org.scala-tools.sbt#compile_2.7.7;0.7.4
Module descriptor is processed : org.scala-tools.sbt#launcher-interface;0.7.4
Module descriptor is processed : org.scala-tools.sbt#interface;0.7.4
Module descriptor is processed : org.scala-tools.sbt#ivy_2.7.7;0.7.4
Module descriptor is processed : org.scala-tools.sbt#io_2.7.7;0.7.4
Module descriptor is processed : org.scala-tools.sbt#control_2.7.7;0.7.4
Module descriptor is processed : org.scala-tools.sbt#classpath_2.7.7;0.7.4
Module descriptor is processed : org.scala-tools.sbt#compiler-interface;0.7.4
Module descriptor is processed : jline#jline;0.9.94
Module descriptor is processed : org.scala-tools.sbt#precompiled-2.8.0.rc2_2.8.0.RC2;0.7.4
	report for org.scala-tools.sbt#boot-app;1.0 default produced in C:\Dokumente und Einstellungen\Det\.ivy2\cache\org.scala-tools.sbt-boot-app-default.xml
	resolve done (23031ms resolve - 31937ms download)
:: retrieving :: org.scala-tools.sbt#boot-app
	checkUpToDate=true
no explicit confs given for retrieve, using ivy file: C:\Dokumente und Einstellungen\Det\.ivy2\cache\resolved-org.scala-tools.sbt-boot-app-1.0.xml
using ivy parser to parse C:\Dokumente und Einstellungen\Det\.ivy2\cache\resolved-org.scala-tools.sbt-boot-app-1.0.xml
pre 1.3 ivy file: using exactOrRegexp as default matcher
	confs: [default]
	retrieving C:\Dokumente und Einstellungen\Det\.ivy2\cache\org.scala-tools.sbt\compiler-interface\jars\compiler-interface-src-0.7.4.jar
		to C:\workspaces\GAE\oScalatorNew\project\boot\scala-2.7.7\org.scala-tools.sbt\sbt\0.7.4\compiler-interface-src\compiler-interface-src-0.7.4.jar
	retrieving C:\Dokumente und Einstellungen\Det\.ivy2\cache\org.scala-tools.sbt\launcher-interface\jars\launcher-interface-0.7.4.jar
		to C:\workspaces\GAE\oScalatorNew\project\boot\scala-2.7.7\org.scala-tools.sbt\sbt\0.7.4\launcher-interface-0.7.4.jar
	retrieving C:\Dokumente und Einstellungen\Det\.ivy2\cache\org.scala-tools.testing\test-interface\jars\test-interface-0.5.jar
		to C:\workspaces\GAE\oScalatorNew\project\boot\scala-2.7.7\org.scala-tools.sbt\sbt\0.7.4\test-interface-0.5.jar
	retrieving C:\Dokumente und Einstellungen\Det\.ivy2\cache\org.scala-tools.sbt\control_2.7.7\jars\control_2.7.7-0.7.4.jar
		to C:\workspaces\GAE\oScalatorNew\project\boot\scala-2.7.7\org.scala-tools.sbt\sbt\0.7.4\control_2.7.7-0.7.4.jar
	retrieving C:\Dokumente und Einstellungen\Det\.ivy2\cache\org.scala-tools.sbt\io_2.7.7\jars\io_2.7.7-0.7.4.jar
		to C:\workspaces\GAE\oScalatorNew\project\boot\scala-2.7.7\org.scala-tools.sbt\sbt\0.7.4\io_2.7.7-0.7.4.jar
	retrieving C:\Dokumente und Einstellungen\Det\.ivy2\cache\org.scala-tools.sbt\compiler-interface\jars\compiler-interface-bin-0.7.4.jar
		to C:\workspaces\GAE\oScalatorNew\project\boot\scala-2.7.7\org.scala-tools.sbt\sbt\0.7.4\compiler-interface-bin_2.7.7.final\compiler-interface-bin-0.7.4.jar
	retrieving C:\Dokumente und Einstellungen\Det\.ivy2\cache\org.scala-tools.sbt\sbt_2.7.7\jars\sbt_2.7.7-0.7.4.jar
		to C:\workspaces\GAE\oScalatorNew\project\boot\scala-2.7.7\org.scala-tools.sbt\sbt\0.7.4\sbt_2.7.7-0.7.4.jar
	retrieving C:\Dokumente und Einstellungen\Det\.ivy2\cache\org.scala-tools.sbt\precompiled-2.8.0.rc2_2.8.0.RC2\jars\compiler-interface-bin-0.7.4.jar
		to C:\workspaces\GAE\oScalatorNew\project\boot\scala-2.7.7\org.scala-tools.sbt\sbt\0.7.4\compiler-interface-bin_2.8.0.RC2\compiler-interface-bin-0.7.4.jar
	retrieving C:\Dokumente und Einstellungen\Det\.ivy2\cache\org.scala-tools.sbt\interface\jars\interface-0.7.4.jar
		to C:\workspaces\GAE\oScalatorNew\project\boot\scala-2.7.7\org.scala-tools.sbt\sbt\0.7.4\xsbti\interface-0.7.4.jar
	retrieving C:\Dokumente und Einstellungen\Det\.ivy2\cache\org.scala-tools.sbt\compile_2.7.7\jars\compile_2.7.7-0.7.4.jar
		to C:\workspaces\GAE\oScalatorNew\project\boot\scala-2.7.7\org.scala-tools.sbt\sbt\0.7.4\compile_2.7.7-0.7.4.jar
	retrieving C:\Dokumente und Einstellungen\Det\.ivy2\cache\jline\jline\jars\jline-0.9.94.jar
		to C:\workspaces\GAE\oScalatorNew\project\boot\scala-2.7.7\org.scala-tools.sbt\sbt\0.7.4\compiler-interface-src\jline-0.9.94.jar
	retrieving C:\Dokumente und Einstellungen\Det\.ivy2\cache\org.scala-tools.sbt\ivy_2.7.7\jars\ivy_2.7.7-0.7.4.jar
		to C:\workspaces\GAE\oScalatorNew\project\boot\scala-2.7.7\org.scala-tools.sbt\sbt\0.7.4\ivy_2.7.7-0.7.4.jar
	retrieving C:\Dokumente und Einstellungen\Det\.ivy2\cache\org.apache.ivy\ivy\jars\ivy-2.1.0.jar
		to C:\workspaces\GAE\oScalatorNew\project\boot\scala-2.7.7\org.scala-tools.sbt\sbt\0.7.4\ivy-2.1.0.jar
	retrieving C:\Dokumente und Einstellungen\Det\.ivy2\cache\org.scala-tools.sbt\classpath_2.7.7\jars\classpath_2.7.7-0.7.4.jar
		to C:\workspaces\GAE\oScalatorNew\project\boot\scala-2.7.7\org.scala-tools.sbt\sbt\0.7.4\classpath_2.7.7-0.7.4.jar
	retrieving C:\Dokumente und Einstellungen\Det\.ivy2\cache\com.jcraft\jsch\jars\jsch-0.1.31.jar
		to C:\workspaces\GAE\oScalatorNew\project\boot\scala-2.7.7\org.scala-tools.sbt\sbt\0.7.4\jsch-0.1.31.jar
	15 artifacts copied, 0 already retrieved (4096kB/500ms)
	retrieve done (500ms)
